{
"contracts\\Attacker.sol":{"l":{"6":2,"7":2},"path":"C:\\Users\\Franchu\\Desktop\\bashood-hardhat-tests\\contracts\\Attacker.sol","s":{"1":2,"2":2},"b":{"1":[0,2]},"f":{"1":2},"fnMap":{"1":{"name":"attack","line":5,"loc":{"start":{"line":5,"column":4},"end":{"line":8,"column":4}}}},"statementMap":{"1":{"start":{"line":6,"column":8},"end":{"line":6,"column":162}},"2":{"start":{"line":7,"column":8},"end":{"line":7,"column":33}}},"branchMap":{"1":{"line":7,"type":"if","locations":[{"start":{"line":7,"column":8},"end":{"line":7,"column":8}},{"start":{"line":7,"column":8},"end":{"line":7,"column":8}}]}}},
"contracts\\BadReceiver.sol":{"l":{},"path":"C:\\Users\\Franchu\\Desktop\\bashood-hardhat-tests\\contracts\\BadReceiver.sol","s":{},"b":{},"f":{},"fnMap":{},"statementMap":{},"branchMap":{}},
"contracts\\BadReceiver20.sol":{"l":{},"path":"C:\\Users\\Franchu\\Desktop\\bashood-hardhat-tests\\contracts\\BadReceiver20.sol","s":{},"b":{},"f":{},"fnMap":{},"statementMap":{},"branchMap":{}},
"contracts\\BadReceiver721.sol":{"l":{},"path":"C:\\Users\\Franchu\\Desktop\\bashood-hardhat-tests\\contracts\\BadReceiver721.sol","s":{},"b":{},"f":{},"fnMap":{},"statementMap":{},"branchMap":{}},
"contracts\\BashoodMultiToken.sol":{"l":{"29":15,"30":15,"31":15,"35":0,"39":0,"48":0,"49":0,"53":6,"54":5,"58":2,"62":0,"63":0,"67":0,"69":0,"70":0,"71":0,"73":0,"74":0,"78":0,"80":0,"81":0,"82":0,"83":0,"88":0,"89":0,"91":0,"92":0},"path":"C:\\Users\\Franchu\\Desktop\\bashood-hardhat-tests\\contracts\\BashoodMultiToken.sol","s":{"1":15,"2":15,"3":15,"4":0,"5":0,"6":0,"7":0,"8":6,"9":5,"10":2,"11":0,"12":0,"13":0,"14":0,"15":0,"16":0,"17":0,"18":0,"19":0,"20":0,"21":0,"22":0,"23":0},"b":{"1":[0,0],"2":[0,0],"3":[0,0],"4":[0,0],"5":[6,2],"6":[5,1],"7":[0,0],"8":[0,0],"9":[0,0],"10":[0,0],"11":[0,0],"12":[0,0]},"f":{"1":15,"2":0,"3":0,"4":0,"5":6,"6":2,"7":0,"8":0,"9":0,"10":0},"fnMap":{"1":{"name":"constructor","line":28,"loc":{"start":{"line":28,"column":4},"end":{"line":32,"column":4}}},"2":{"name":"grantMinterRole","line":34,"loc":{"start":{"line":34,"column":4},"end":{"line":36,"column":4}}},"3":{"name":"revokeMinterRole","line":38,"loc":{"start":{"line":38,"column":4},"end":{"line":40,"column":4}}},"4":{"name":"mintBatch","line":47,"loc":{"start":{"line":42,"column":4},"end":{"line":50,"column":4}}},"5":{"name":"mint","line":52,"loc":{"start":{"line":52,"column":4},"end":{"line":55,"column":4}}},"6":{"name":"supportsInterface","line":57,"loc":{"start":{"line":57,"column":4},"end":{"line":59,"column":4}}},"7":{"name":"approveMarketplace","line":61,"loc":{"start":{"line":61,"column":4},"end":{"line":64,"column":4}}},"8":{"name":"buyTokens","line":66,"loc":{"start":{"line":66,"column":4},"end":{"line":75,"column":4}}},"9":{"name":"mintAllNFTs","line":77,"loc":{"start":{"line":77,"column":4},"end":{"line":85,"column":4}}},"10":{"name":"withdrawFunds","line":87,"loc":{"start":{"line":87,"column":4},"end":{"line":93,"column":4}}}},"statementMap":{"1":{"start":{"line":29,"column":8},"end":{"line":29,"column":38}},"2":{"start":{"line":30,"column":8},"end":{"line":30,"column":51}},"3":{"start":{"line":31,"column":8},"end":{"line":31,"column":44}},"4":{"start":{"line":35,"column":8},"end":{"line":35,"column":38}},"5":{"start":{"line":39,"column":8},"end":{"line":39,"column":39}},"6":{"start":{"line":48,"column":8},"end":{"line":48,"column":63}},"7":{"start":{"line":49,"column":8},"end":{"line":49,"column":41}},"8":{"start":{"line":53,"column":8},"end":{"line":53,"column":63}},"9":{"start":{"line":54,"column":8},"end":{"line":54,"column":34}},"10":{"start":{"line":58,"column":8},"end":{"line":58,"column":51}},"11":{"start":{"line":62,"column":8},"end":{"line":62,"column":47}},"12":{"start":{"line":63,"column":8},"end":{"line":63,"column":75}},"13":{"start":{"line":67,"column":8},"end":{"line":67,"column":48}},"14":{"start":{"line":69,"column":8},"end":{"line":69,"column":50}},"15":{"start":{"line":73,"column":8},"end":{"line":73,"column":60}},"16":{"start":{"line":74,"column":8},"end":{"line":74,"column":57}},"17":{"start":{"line":78,"column":8},"end":{"line":78,"column":61}},"18":{"start":{"line":80,"column":8},"end":{"line":80,"column":3087}},"19":{"start":{"line":81,"column":12},"end":{"line":81,"column":45}},"20":{"start":{"line":88,"column":8},"end":{"line":88,"column":47}},"21":{"start":{"line":89,"column":8},"end":{"line":89,"column":44}},"22":{"start":{"line":91,"column":8},"end":{"line":91,"column":41}},"23":{"start":{"line":92,"column":8},"end":{"line":92,"column":45}}},"branchMap":{"1":{"line":34,"type":"if","locations":[{"start":{"line":34,"column":54},"end":{"line":34,"column":54}},{"start":{"line":34,"column":54},"end":{"line":34,"column":54}}]},"2":{"line":38,"type":"if","locations":[{"start":{"line":38,"column":55},"end":{"line":38,"column":55}},{"start":{"line":38,"column":55},"end":{"line":38,"column":55}}]},"3":{"line":47,"type":"if","locations":[{"start":{"line":47,"column":13},"end":{"line":47,"column":13}},{"start":{"line":47,"column":13},"end":{"line":47,"column":13}}]},"4":{"line":48,"type":"if","locations":[{"start":{"line":48,"column":8},"end":{"line":48,"column":8}},{"start":{"line":48,"column":8},"end":{"line":48,"column":8}}]},"5":{"line":52,"type":"if","locations":[{"start":{"line":52,"column":86},"end":{"line":52,"column":86}},{"start":{"line":52,"column":86},"end":{"line":52,"column":86}}]},"6":{"line":53,"type":"if","locations":[{"start":{"line":53,"column":8},"end":{"line":53,"column":8}},{"start":{"line":53,"column":8},"end":{"line":53,"column":8}}]},"7":{"line":66,"type":"if","locations":[{"start":{"line":66,"column":42},"end":{"line":66,"column":42}},{"start":{"line":66,"column":42},"end":{"line":66,"column":42}}]},"8":{"line":67,"type":"if","locations":[{"start":{"line":67,"column":8},"end":{"line":67,"column":8}},{"start":{"line":67,"column":8},"end":{"line":67,"column":8}}]},"9":{"line":77,"type":"if","locations":[{"start":{"line":77,"column":36},"end":{"line":77,"column":36}},{"start":{"line":77,"column":36},"end":{"line":77,"column":36}}]},"10":{"line":78,"type":"if","locations":[{"start":{"line":78,"column":8},"end":{"line":78,"column":8}},{"start":{"line":78,"column":8},"end":{"line":78,"column":8}}]},"11":{"line":87,"type":"if","locations":[{"start":{"line":87,"column":38},"end":{"line":87,"column":38}},{"start":{"line":87,"column":38},"end":{"line":87,"column":38}}]},"12":{"line":89,"type":"if","locations":[{"start":{"line":89,"column":8},"end":{"line":89,"column":8}},{"start":{"line":89,"column":8},"end":{"line":89,"column":8}}]}}},
"contracts\\BashoodNFT.sol":{"l":{"18":14,"19":13,"23":0,"24":0,"28":0,"29":0,"33":13,"34":13,"35":12,"39":4,"41":3,"42":2,"45":1,"49":1,"50":1,"51":1,"52":1,"53":1,"54":1,"56":1,"57":1,"58":1,"59":1,"60":1,"62":1},"path":"C:\\Users\\Franchu\\Desktop\\bashood-hardhat-tests\\contracts\\BashoodNFT.sol","s":{"1":14,"2":0,"3":0,"4":13,"5":12,"6":4,"7":3,"8":2,"9":1,"10":1,"11":0,"12":1,"13":1,"14":1,"15":1,"16":1,"17":1},"b":{"1":[13,1],"2":[0,13],"3":[0,0],"4":[0,0],"5":[13,1],"6":[3,1],"7":[2,1],"8":[0,1]},"f":{"1":19,"2":14,"3":0,"4":0,"5":13,"6":4,"7":1},"fnMap":{"1":{"name":"constructor","line":15,"loc":{"start":{"line":15,"column":4},"end":{"line":15,"column":49}}},"2":{"name":"onlyMinter","line":17,"loc":{"start":{"line":17,"column":4},"end":{"line":20,"column":4}}},"3":{"name":"authorizeMinter","line":22,"loc":{"start":{"line":22,"column":4},"end":{"line":25,"column":4}}},"4":{"name":"revokeMinter","line":27,"loc":{"start":{"line":27,"column":4},"end":{"line":30,"column":4}}},"5":{"name":"mintNFT","line":32,"loc":{"start":{"line":32,"column":4},"end":{"line":36,"column":4}}},"6":{"name":"tokenURI","line":38,"loc":{"start":{"line":38,"column":4},"end":{"line":46,"column":4}}},"7":{"name":"_toString","line":48,"loc":{"start":{"line":48,"column":4},"end":{"line":63,"column":4}}}},"statementMap":{"1":{"start":{"line":18,"column":8},"end":{"line":18,"column":88}},"2":{"start":{"line":24,"column":8},"end":{"line":24,"column":37}},"3":{"start":{"line":29,"column":8},"end":{"line":29,"column":34}},"4":{"start":{"line":34,"column":8},"end":{"line":34,"column":37}},"5":{"start":{"line":35,"column":8},"end":{"line":35,"column":45}},"6":{"start":{"line":39,"column":8},"end":{"line":39,"column":56}},"7":{"start":{"line":41,"column":8},"end":{"line":41,"column":1369}},"8":{"start":{"line":42,"column":12},"end":{"line":42,"column":60}},"9":{"start":{"line":45,"column":8},"end":{"line":45,"column":105}},"10":{"start":{"line":49,"column":8},"end":{"line":49,"column":34}},"11":{"start":{"line":49,"column":24},"end":{"line":49,"column":34}},"12":{"start":{"line":50,"column":8},"end":{"line":50,"column":28}},"13":{"start":{"line":51,"column":8},"end":{"line":51,"column":22}},"14":{"start":{"line":52,"column":8},"end":{"line":52,"column":1763}},"15":{"start":{"line":56,"column":8},"end":{"line":56,"column":47}},"16":{"start":{"line":57,"column":8},"end":{"line":57,"column":1901}},"17":{"start":{"line":62,"column":8},"end":{"line":62,"column":29}}},"branchMap":{"1":{"line":18,"type":"if","locations":[{"start":{"line":18,"column":8},"end":{"line":18,"column":8}},{"start":{"line":18,"column":8},"end":{"line":18,"column":8}}]},"2":{"line":18,"type":"cond-expr","locations":[{"start":{"line":18,"column":16},"end":{"line":18,"column":44}},{"start":{"line":18,"column":49},"end":{"line":18,"column":69}}]},"3":{"line":22,"type":"if","locations":[{"start":{"line":22,"column":54},"end":{"line":22,"column":54}},{"start":{"line":22,"column":54},"end":{"line":22,"column":54}}]},"4":{"line":27,"type":"if","locations":[{"start":{"line":27,"column":51},"end":{"line":27,"column":51}},{"start":{"line":27,"column":51},"end":{"line":27,"column":51}}]},"5":{"line":32,"type":"if","locations":[{"start":{"line":32,"column":59},"end":{"line":32,"column":59}},{"start":{"line":32,"column":59},"end":{"line":32,"column":59}}]},"6":{"line":39,"type":"if","locations":[{"start":{"line":39,"column":8},"end":{"line":39,"column":8}},{"start":{"line":39,"column":8},"end":{"line":39,"column":8}}]},"7":{"line":41,"type":"if","locations":[{"start":{"line":41,"column":8},"end":{"line":41,"column":8}},{"start":{"line":41,"column":8},"end":{"line":41,"column":8}}]},"8":{"line":49,"type":"if","locations":[{"start":{"line":49,"column":8},"end":{"line":49,"column":8}},{"start":{"line":49,"column":8},"end":{"line":49,"column":8}}]}}},
"contracts\\BashoodPresaleFinal_IERC1155Receiver.sol":{"l":{"24":1,"34":1,"38":1},"path":"C:\\Users\\Franchu\\Desktop\\bashood-hardhat-tests\\contracts\\BashoodPresaleFinal_IERC1155Receiver.sol","s":{"1":1,"2":1,"3":1},"b":{"1":[1,0]},"f":{"1":1,"2":1,"3":1},"fnMap":{"1":{"name":"onERC1155Received","line":17,"loc":{"start":{"line":17,"column":4},"end":{"line":25,"column":4}}},"2":{"name":"onERC1155BatchReceived","line":27,"loc":{"start":{"line":27,"column":4},"end":{"line":35,"column":4}}},"3":{"name":"supportsInterface","line":37,"loc":{"start":{"line":37,"column":4},"end":{"line":39,"column":4}}}},"statementMap":{"1":{"start":{"line":24,"column":8},"end":{"line":24,"column":46}},"2":{"start":{"line":34,"column":8},"end":{"line":34,"column":51}},"3":{"start":{"line":38,"column":8},"end":{"line":38,"column":104}}},"branchMap":{"1":{"line":38,"type":"cond-expr","locations":[{"start":{"line":38,"column":15},"end":{"line":38,"column":63}},{"start":{"line":38,"column":68},"end":{"line":38,"column":103}}]}}},
"contracts\\BashoodPresaleFinal.sol":{"l":{"55":24,"56":0,"60":0,"61":0,"63":0,"77":43,"78":42,"79":42,"80":42,"81":42,"83":42,"84":42,"85":42,"86":42,"87":42,"88":42,"89":42,"90":42,"91":42,"93":42,"94":42,"98":0,"99":0,"100":0,"101":0,"105":42,"106":42,"110":2,"114":0,"115":0,"119":42,"120":42,"121":42,"125":42,"126":42,"135":0,"136":0,"137":0,"138":0,"139":0,"140":0,"141":0,"142":0,"143":0,"144":0,"145":0,"147":0,"148":0,"150":0,"152":0,"153":0,"155":0,"156":0,"157":0,"160":0,"161":0,"162":0,"165":0,"174":0,"175":0,"176":0,"177":0,"178":0,"179":0,"180":0,"181":0,"182":0,"183":0,"184":0,"185":0,"186":0,"187":0,"188":0,"190":0,"191":0,"193":0,"194":0,"196":0,"197":0,"198":0,"201":0,"202":0,"203":0,"206":0,"214":0,"215":0,"216":0,"217":0,"221":2,"222":2,"226":0,"227":0,"228":0,"232":2,"233":2,"234":2,"235":2,"239":0,"240":0,"241":0,"242":0,"243":0,"244":0,"248":2,"249":2,"260":42,"270":0,"274":0},"path":"C:\\Users\\Franchu\\Desktop\\bashood-hardhat-tests\\contracts\\BashoodPresaleFinal.sol","s":{"1":24,"2":0,"3":0,"4":43,"5":42,"6":42,"7":42,"8":0,"9":0,"10":0,"11":0,"12":42,"13":0,"14":42,"15":42,"16":42,"17":0,"18":0,"19":0,"20":0,"21":0,"22":0,"23":0,"24":0,"25":0,"26":0,"27":0,"28":0,"29":0,"30":0,"31":0,"32":0,"33":0,"34":0,"35":0,"36":0,"37":0,"38":0,"39":0,"40":0,"41":0,"42":0,"43":0,"44":0,"45":0,"46":0,"47":0,"48":0,"49":0,"50":0,"51":0,"52":0,"53":0,"54":0,"55":0,"56":0,"57":0,"58":0,"59":0,"60":0,"61":0,"62":0,"63":2,"64":2,"65":2,"66":2,"67":0,"68":0,"69":0,"70":0,"71":0,"72":0,"73":2,"74":2,"75":42,"76":0,"77":0},"b":{"1":[0,24],"2":[0,0],"3":[0,0],"4":[42,1],"5":[0,0],"6":[0,0],"7":[42,0],"8":[42,0],"9":[2,0],"10":[0,0],"11":[0,0],"12":[42,0],"13":[42,0],"14":[42,0],"15":[42,0],"16":[42,0],"17":[9,0],"18":[0,9],"19":[0,0],"20":[0,0],"21":[0,0],"22":[0,0],"23":[0,0],"24":[0,0],"25":[0,0],"26":[0,0],"27":[0,0],"28":[0,0],"29":[0,0],"30":[0,0],"31":[0,0],"32":[15,0],"33":[0,15],"34":[0,0],"35":[0,0],"36":[0,0],"37":[0,0],"38":[0,0],"39":[0,0],"40":[0,0],"41":[0,0],"42":[0,0],"43":[0,0],"44":[0,0],"45":[0,0],"46":[0,0],"47":[0,0],"48":[0,0],"49":[0,0],"50":[2,0],"51":[0,0],"52":[2,2],"53":[2,0],"54":[2,0],"55":[0,0],"56":[0,0],"57":[0,0],"58":[0,0],"59":[2,2],"60":[2,0],"61":[0,0]},"f":{"1":24,"2":0,"3":43,"4":0,"5":42,"6":2,"7":0,"8":42,"9":42,"10":0,"11":0,"12":0,"13":2,"14":0,"15":2,"16":0,"17":2,"18":42,"19":0,"20":0},"fnMap":{"1":{"name":"onlyWhilePresaleActive","line":54,"loc":{"start":{"line":54,"column":4},"end":{"line":57,"column":4}}},"2":{"name":"whitelistCheck","line":59,"loc":{"start":{"line":59,"column":4},"end":{"line":64,"column":4}}},"3":{"name":"constructor","line":66,"loc":{"start":{"line":66,"column":4},"end":{"line":95,"column":4}}},"4":{"name":"assignRoles","line":97,"loc":{"start":{"line":97,"column":4},"end":{"line":102,"column":4}}},"5":{"name":"setSigner","line":104,"loc":{"start":{"line":104,"column":4},"end":{"line":107,"column":4}}},"6":{"name":"setWhitelistEnabled","line":109,"loc":{"start":{"line":109,"column":4},"end":{"line":111,"column":4}}},"7":{"name":"setMaxPerUser","line":113,"loc":{"start":{"line":113,"column":4},"end":{"line":116,"column":4}}},"8":{"name":"startPresale","line":118,"loc":{"start":{"line":118,"column":4},"end":{"line":122,"column":4}}},"9":{"name":"setReferral","line":124,"loc":{"start":{"line":124,"column":4},"end":{"line":127,"column":4}}},"10":{"name":"purchaseWithETH","line":134,"loc":{"start":{"line":129,"column":4},"end":{"line":166,"column":4}}},"11":{"name":"purchaseWithBHT","line":173,"loc":{"start":{"line":168,"column":4},"end":{"line":207,"column":4}}},"12":{"name":"_verifySignature","line":209,"loc":{"start":{"line":209,"column":4},"end":{"line":218,"column":4}}},"13":{"name":"endPresale","line":220,"loc":{"start":{"line":220,"column":4},"end":{"line":223,"column":4}}},"14":{"name":"finalizePresale","line":225,"loc":{"start":{"line":225,"column":4},"end":{"line":229,"column":4}}},"15":{"name":"rescueUnsoldNFTs","line":231,"loc":{"start":{"line":231,"column":4},"end":{"line":236,"column":4}}},"16":{"name":"rescueERC20","line":238,"loc":{"start":{"line":238,"column":4},"end":{"line":245,"column":4}}},"17":{"name":"emergencyWithdrawETH","line":247,"loc":{"start":{"line":247,"column":4},"end":{"line":250,"column":4}}},"18":{"name":"onERC1155Received","line":253,"loc":{"start":{"line":253,"column":4},"end":{"line":261,"column":4}}},"19":{"name":"onERC1155BatchReceived","line":263,"loc":{"start":{"line":263,"column":4},"end":{"line":271,"column":4}}},"20":{"name":"supportsInterface","line":273,"loc":{"start":{"line":273,"column":4},"end":{"line":275,"column":4}}}},"statementMap":{"1":{"start":{"line":55,"column":8},"end":{"line":55,"column":119}},"2":{"start":{"line":60,"column":8},"end":{"line":60,"column":2403}},"3":{"start":{"line":61,"column":12},"end":{"line":61,"column":74}},"4":{"start":{"line":77,"column":8},"end":{"line":77,"column":77}},"5":{"start":{"line":78,"column":8},"end":{"line":78,"column":49}},"6":{"start":{"line":79,"column":8},"end":{"line":79,"column":41}},"7":{"start":{"line":80,"column":8},"end":{"line":80,"column":45}},"8":{"start":{"line":98,"column":8},"end":{"line":98,"column":113}},"9":{"start":{"line":99,"column":8},"end":{"line":99,"column":35}},"10":{"start":{"line":100,"column":8},"end":{"line":100,"column":43}},"11":{"start":{"line":101,"column":8},"end":{"line":101,"column":43}},"12":{"start":{"line":105,"column":8},"end":{"line":105,"column":55}},"13":{"start":{"line":114,"column":8},"end":{"line":114,"column":39}},"14":{"start":{"line":119,"column":8},"end":{"line":119,"column":56}},"15":{"start":{"line":120,"column":8},"end":{"line":120,"column":54}},"16":{"start":{"line":125,"column":8},"end":{"line":125,"column":77}},"17":{"start":{"line":135,"column":8},"end":{"line":135,"column":60}},"18":{"start":{"line":136,"column":8},"end":{"line":136,"column":85}},"19":{"start":{"line":137,"column":8},"end":{"line":137,"column":83}},"20":{"start":{"line":138,"column":8},"end":{"line":138,"column":69}},"21":{"start":{"line":139,"column":8},"end":{"line":139,"column":59}},"22":{"start":{"line":141,"column":8},"end":{"line":141,"column":54}},"23":{"start":{"line":142,"column":8},"end":{"line":142,"column":85}},"24":{"start":{"line":143,"column":8},"end":{"line":143,"column":102}},"25":{"start":{"line":144,"column":8},"end":{"line":144,"column":92}},"26":{"start":{"line":145,"column":8},"end":{"line":145,"column":76}},"27":{"start":{"line":147,"column":8},"end":{"line":147,"column":64}},"28":{"start":{"line":148,"column":8},"end":{"line":148,"column":43}},"29":{"start":{"line":150,"column":8},"end":{"line":150,"column":83}},"30":{"start":{"line":155,"column":8},"end":{"line":155,"column":6175}},"31":{"start":{"line":157,"column":12},"end":{"line":157,"column":37}},"32":{"start":{"line":160,"column":8},"end":{"line":160,"column":69}},"33":{"start":{"line":161,"column":8},"end":{"line":161,"column":6388}},"34":{"start":{"line":162,"column":12},"end":{"line":162,"column":64}},"35":{"start":{"line":165,"column":8},"end":{"line":165,"column":67}},"36":{"start":{"line":174,"column":8},"end":{"line":174,"column":60}},"37":{"start":{"line":175,"column":8},"end":{"line":175,"column":85}},"38":{"start":{"line":176,"column":8},"end":{"line":176,"column":66}},"39":{"start":{"line":177,"column":8},"end":{"line":177,"column":69}},"40":{"start":{"line":178,"column":8},"end":{"line":178,"column":64}},"41":{"start":{"line":179,"column":8},"end":{"line":179,"column":83}},"42":{"start":{"line":180,"column":8},"end":{"line":180,"column":69}},"43":{"start":{"line":181,"column":8},"end":{"line":181,"column":59}},"44":{"start":{"line":183,"column":8},"end":{"line":183,"column":54}},"45":{"start":{"line":184,"column":8},"end":{"line":184,"column":85}},"46":{"start":{"line":185,"column":8},"end":{"line":185,"column":100}},"47":{"start":{"line":186,"column":8},"end":{"line":186,"column":92}},"48":{"start":{"line":187,"column":8},"end":{"line":187,"column":50}},"49":{"start":{"line":188,"column":8},"end":{"line":188,"column":104}},"50":{"start":{"line":190,"column":8},"end":{"line":190,"column":70}},"51":{"start":{"line":191,"column":8},"end":{"line":191,"column":83}},"52":{"start":{"line":196,"column":8},"end":{"line":196,"column":8175}},"53":{"start":{"line":198,"column":12},"end":{"line":198,"column":37}},"54":{"start":{"line":201,"column":8},"end":{"line":201,"column":69}},"55":{"start":{"line":202,"column":8},"end":{"line":202,"column":8388}},"56":{"start":{"line":203,"column":12},"end":{"line":203,"column":64}},"57":{"start":{"line":206,"column":8},"end":{"line":206,"column":67}},"58":{"start":{"line":214,"column":8},"end":{"line":214,"column":61}},"59":{"start":{"line":215,"column":8},"end":{"line":215,"column":70}},"60":{"start":{"line":216,"column":8},"end":{"line":216,"column":80}},"61":{"start":{"line":217,"column":8},"end":{"line":217,"column":78}},"62":{"start":{"line":228,"column":8},"end":{"line":228,"column":46}},"63":{"start":{"line":232,"column":8},"end":{"line":232,"column":55}},"64":{"start":{"line":233,"column":8},"end":{"line":233,"column":90}},"65":{"start":{"line":234,"column":8},"end":{"line":234,"column":73}},"66":{"start":{"line":235,"column":8},"end":{"line":235,"column":42}},"67":{"start":{"line":239,"column":8},"end":{"line":239,"column":55}},"68":{"start":{"line":240,"column":8},"end":{"line":240,"column":67}},"69":{"start":{"line":241,"column":8},"end":{"line":241,"column":71}},"70":{"start":{"line":242,"column":8},"end":{"line":242,"column":72}},"71":{"start":{"line":243,"column":8},"end":{"line":243,"column":52}},"72":{"start":{"line":244,"column":8},"end":{"line":244,"column":51}},"73":{"start":{"line":248,"column":8},"end":{"line":248,"column":76}},"74":{"start":{"line":249,"column":8},"end":{"line":249,"column":43}},"75":{"start":{"line":260,"column":8},"end":{"line":260,"column":46}},"76":{"start":{"line":270,"column":8},"end":{"line":270,"column":51}},"77":{"start":{"line":274,"column":8},"end":{"line":274,"column":104}}},"branchMap":{"1":{"line":55,"type":"if","locations":[{"start":{"line":55,"column":8},"end":{"line":55,"column":8}},{"start":{"line":55,"column":8},"end":{"line":55,"column":8}}]},"2":{"line":60,"type":"if","locations":[{"start":{"line":60,"column":8},"end":{"line":60,"column":8}},{"start":{"line":60,"column":8},"end":{"line":60,"column":8}}]},"3":{"line":61,"type":"if","locations":[{"start":{"line":61,"column":12},"end":{"line":61,"column":12}},{"start":{"line":61,"column":12},"end":{"line":61,"column":12}}]},"4":{"line":77,"type":"if","locations":[{"start":{"line":77,"column":8},"end":{"line":77,"column":8}},{"start":{"line":77,"column":8},"end":{"line":77,"column":8}}]},"5":{"line":97,"type":"if","locations":[{"start":{"line":97,"column":87},"end":{"line":97,"column":87}},{"start":{"line":97,"column":87},"end":{"line":97,"column":87}}]},"6":{"line":98,"type":"if","locations":[{"start":{"line":98,"column":8},"end":{"line":98,"column":8}},{"start":{"line":98,"column":8},"end":{"line":98,"column":8}}]},"7":{"line":104,"type":"if","locations":[{"start":{"line":104,"column":49},"end":{"line":104,"column":49}},{"start":{"line":104,"column":49},"end":{"line":104,"column":49}}]},"8":{"line":105,"type":"if","locations":[{"start":{"line":105,"column":8},"end":{"line":105,"column":8}},{"start":{"line":105,"column":8},"end":{"line":105,"column":8}}]},"9":{"line":109,"type":"if","locations":[{"start":{"line":109,"column":56},"end":{"line":109,"column":56}},{"start":{"line":109,"column":56},"end":{"line":109,"column":56}}]},"10":{"line":113,"type":"if","locations":[{"start":{"line":113,"column":50},"end":{"line":113,"column":50}},{"start":{"line":113,"column":50},"end":{"line":113,"column":50}}]},"11":{"line":114,"type":"if","locations":[{"start":{"line":114,"column":8},"end":{"line":114,"column":8}},{"start":{"line":114,"column":8},"end":{"line":114,"column":8}}]},"12":{"line":118,"type":"if","locations":[{"start":{"line":118,"column":37},"end":{"line":118,"column":37}},{"start":{"line":118,"column":37},"end":{"line":118,"column":37}}]},"13":{"line":119,"type":"if","locations":[{"start":{"line":119,"column":8},"end":{"line":119,"column":8}},{"start":{"line":119,"column":8},"end":{"line":119,"column":8}}]},"14":{"line":120,"type":"if","locations":[{"start":{"line":120,"column":8},"end":{"line":120,"column":8}},{"start":{"line":120,"column":8},"end":{"line":120,"column":8}}]},"15":{"line":124,"type":"if","locations":[{"start":{"line":124,"column":61},"end":{"line":124,"column":61}},{"start":{"line":124,"column":61},"end":{"line":124,"column":61}}]},"16":{"line":125,"type":"if","locations":[{"start":{"line":125,"column":8},"end":{"line":125,"column":8}},{"start":{"line":125,"column":8},"end":{"line":125,"column":8}}]},"17":{"line":134,"type":"if","locations":[{"start":{"line":134,"column":23},"end":{"line":134,"column":23}},{"start":{"line":134,"column":23},"end":{"line":134,"column":23}}]},"18":{"line":134,"type":"if","locations":[{"start":{"line":134,"column":36},"end":{"line":134,"column":36}},{"start":{"line":134,"column":36},"end":{"line":134,"column":36}}]},"19":{"line":134,"type":"if","locations":[{"start":{"line":134,"column":59},"end":{"line":134,"column":59}},{"start":{"line":134,"column":59},"end":{"line":134,"column":59}}]},"20":{"line":135,"type":"if","locations":[{"start":{"line":135,"column":8},"end":{"line":135,"column":8}},{"start":{"line":135,"column":8},"end":{"line":135,"column":8}}]},"21":{"line":136,"type":"if","locations":[{"start":{"line":136,"column":8},"end":{"line":136,"column":8}},{"start":{"line":136,"column":8},"end":{"line":136,"column":8}}]},"22":{"line":137,"type":"if","locations":[{"start":{"line":137,"column":8},"end":{"line":137,"column":8}},{"start":{"line":137,"column":8},"end":{"line":137,"column":8}}]},"23":{"line":139,"type":"if","locations":[{"start":{"line":139,"column":8},"end":{"line":139,"column":8}},{"start":{"line":139,"column":8},"end":{"line":139,"column":8}}]},"24":{"line":141,"type":"if","locations":[{"start":{"line":141,"column":8},"end":{"line":141,"column":8}},{"start":{"line":141,"column":8},"end":{"line":141,"column":8}}]},"25":{"line":142,"type":"if","locations":[{"start":{"line":142,"column":8},"end":{"line":142,"column":8}},{"start":{"line":142,"column":8},"end":{"line":142,"column":8}}]},"26":{"line":143,"type":"if","locations":[{"start":{"line":143,"column":8},"end":{"line":143,"column":8}},{"start":{"line":143,"column":8},"end":{"line":143,"column":8}}]},"27":{"line":144,"type":"if","locations":[{"start":{"line":144,"column":8},"end":{"line":144,"column":8}},{"start":{"line":144,"column":8},"end":{"line":144,"column":8}}]},"28":{"line":145,"type":"if","locations":[{"start":{"line":145,"column":8},"end":{"line":145,"column":8}},{"start":{"line":145,"column":8},"end":{"line":145,"column":8}}]},"29":{"line":148,"type":"if","locations":[{"start":{"line":148,"column":8},"end":{"line":148,"column":8}},{"start":{"line":148,"column":8},"end":{"line":148,"column":8}}]},"30":{"line":155,"type":"if","locations":[{"start":{"line":155,"column":8},"end":{"line":155,"column":8}},{"start":{"line":155,"column":8},"end":{"line":155,"column":8}}]},"31":{"line":161,"type":"if","locations":[{"start":{"line":161,"column":8},"end":{"line":161,"column":8}},{"start":{"line":161,"column":8},"end":{"line":161,"column":8}}]},"32":{"line":173,"type":"if","locations":[{"start":{"line":173,"column":15},"end":{"line":173,"column":15}},{"start":{"line":173,"column":15},"end":{"line":173,"column":15}}]},"33":{"line":173,"type":"if","locations":[{"start":{"line":173,"column":28},"end":{"line":173,"column":28}},{"start":{"line":173,"column":28},"end":{"line":173,"column":28}}]},"34":{"line":173,"type":"if","locations":[{"start":{"line":173,"column":51},"end":{"line":173,"column":51}},{"start":{"line":173,"column":51},"end":{"line":173,"column":51}}]},"35":{"line":174,"type":"if","locations":[{"start":{"line":174,"column":8},"end":{"line":174,"column":8}},{"start":{"line":174,"column":8},"end":{"line":174,"column":8}}]},"36":{"line":175,"type":"if","locations":[{"start":{"line":175,"column":8},"end":{"line":175,"column":8}},{"start":{"line":175,"column":8},"end":{"line":175,"column":8}}]},"37":{"line":176,"type":"if","locations":[{"start":{"line":176,"column":8},"end":{"line":176,"column":8}},{"start":{"line":176,"column":8},"end":{"line":176,"column":8}}]},"38":{"line":177,"type":"if","locations":[{"start":{"line":177,"column":8},"end":{"line":177,"column":8}},{"start":{"line":177,"column":8},"end":{"line":177,"column":8}}]},"39":{"line":178,"type":"if","locations":[{"start":{"line":178,"column":8},"end":{"line":178,"column":8}},{"start":{"line":178,"column":8},"end":{"line":178,"column":8}}]},"40":{"line":179,"type":"if","locations":[{"start":{"line":179,"column":8},"end":{"line":179,"column":8}},{"start":{"line":179,"column":8},"end":{"line":179,"column":8}}]},"41":{"line":181,"type":"if","locations":[{"start":{"line":181,"column":8},"end":{"line":181,"column":8}},{"start":{"line":181,"column":8},"end":{"line":181,"column":8}}]},"42":{"line":183,"type":"if","locations":[{"start":{"line":183,"column":8},"end":{"line":183,"column":8}},{"start":{"line":183,"column":8},"end":{"line":183,"column":8}}]},"43":{"line":184,"type":"if","locations":[{"start":{"line":184,"column":8},"end":{"line":184,"column":8}},{"start":{"line":184,"column":8},"end":{"line":184,"column":8}}]},"44":{"line":185,"type":"if","locations":[{"start":{"line":185,"column":8},"end":{"line":185,"column":8}},{"start":{"line":185,"column":8},"end":{"line":185,"column":8}}]},"45":{"line":186,"type":"if","locations":[{"start":{"line":186,"column":8},"end":{"line":186,"column":8}},{"start":{"line":186,"column":8},"end":{"line":186,"column":8}}]},"46":{"line":188,"type":"if","locations":[{"start":{"line":188,"column":8},"end":{"line":188,"column":8}},{"start":{"line":188,"column":8},"end":{"line":188,"column":8}}]},"47":{"line":196,"type":"if","locations":[{"start":{"line":196,"column":8},"end":{"line":196,"column":8}},{"start":{"line":196,"column":8},"end":{"line":196,"column":8}}]},"48":{"line":202,"type":"if","locations":[{"start":{"line":202,"column":8},"end":{"line":202,"column":8}},{"start":{"line":202,"column":8},"end":{"line":202,"column":8}}]},"49":{"line":214,"type":"if","locations":[{"start":{"line":214,"column":8},"end":{"line":214,"column":8}},{"start":{"line":214,"column":8},"end":{"line":214,"column":8}}]},"50":{"line":220,"type":"if","locations":[{"start":{"line":220,"column":35},"end":{"line":220,"column":35}},{"start":{"line":220,"column":35},"end":{"line":220,"column":35}}]},"51":{"line":225,"type":"if","locations":[{"start":{"line":225,"column":40},"end":{"line":225,"column":40}},{"start":{"line":225,"column":40},"end":{"line":225,"column":40}}]},"52":{"line":231,"type":"if","locations":[{"start":{"line":231,"column":82},"end":{"line":231,"column":82}},{"start":{"line":231,"column":82},"end":{"line":231,"column":82}}]},"53":{"line":232,"type":"if","locations":[{"start":{"line":232,"column":8},"end":{"line":232,"column":8}},{"start":{"line":232,"column":8},"end":{"line":232,"column":8}}]},"54":{"line":233,"type":"if","locations":[{"start":{"line":233,"column":8},"end":{"line":233,"column":8}},{"start":{"line":233,"column":8},"end":{"line":233,"column":8}}]},"55":{"line":238,"type":"if","locations":[{"start":{"line":238,"column":84},"end":{"line":238,"column":84}},{"start":{"line":238,"column":84},"end":{"line":238,"column":84}}]},"56":{"line":239,"type":"if","locations":[{"start":{"line":239,"column":8},"end":{"line":239,"column":8}},{"start":{"line":239,"column":8},"end":{"line":239,"column":8}}]},"57":{"line":240,"type":"if","locations":[{"start":{"line":240,"column":8},"end":{"line":240,"column":8}},{"start":{"line":240,"column":8},"end":{"line":240,"column":8}}]},"58":{"line":242,"type":"if","locations":[{"start":{"line":242,"column":8},"end":{"line":242,"column":8}},{"start":{"line":242,"column":8},"end":{"line":242,"column":8}}]},"59":{"line":247,"type":"if","locations":[{"start":{"line":247,"column":45},"end":{"line":247,"column":45}},{"start":{"line":247,"column":45},"end":{"line":247,"column":45}}]},"60":{"line":249,"type":"if","locations":[{"start":{"line":249,"column":8},"end":{"line":249,"column":8}},{"start":{"line":249,"column":8},"end":{"line":249,"column":8}}]},"61":{"line":274,"type":"cond-expr","locations":[{"start":{"line":274,"column":15},"end":{"line":274,"column":63}},{"start":{"line":274,"column":68},"end":{"line":274,"column":103}}]}}},
"contracts\\BashoodReferral.sol":{"l":{"32":6,"33":6,"37":58,"38":57,"39":57,"41":57,"42":57,"43":57,"44":57,"48":0,"49":0,"53":6,"54":6,"55":6,"56":6,"59":6,"60":6,"61":6,"63":6,"67":10,"68":9,"69":8,"71":6,"72":6,"73":6,"77":2,"78":0,"80":0,"81":0,"83":0,"87":1,"91":0,"95":0},"path":"C:\\Users\\Franchu\\Desktop\\bashood-hardhat-tests\\contracts\\BashoodReferral.sol","s":{"1":6,"2":58,"3":57,"4":57,"5":0,"6":6,"7":6,"8":6,"9":6,"10":6,"11":10,"12":9,"13":8,"14":6,"15":2,"16":0,"17":0,"18":0,"19":1,"20":0,"21":0},"b":{"1":[6,0],"2":[57,1],"3":[57,0],"4":[57,0],"5":[0,0],"6":[6,0],"7":[6,0],"8":[6,0],"9":[6,0],"10":[6,0],"11":[9,1],"12":[8,1],"13":[6,2],"14":[0,2],"15":[0,0]},"f":{"1":6,"2":58,"3":0,"4":6,"5":10,"6":2,"7":1,"8":0,"9":0},"fnMap":{"1":{"name":"onlyPresale","line":31,"loc":{"start":{"line":31,"column":4},"end":{"line":34,"column":4}}},"2":{"name":"constructor","line":36,"loc":{"start":{"line":36,"column":4},"end":{"line":45,"column":4}}},"3":{"name":"setPresaleContract","line":47,"loc":{"start":{"line":47,"column":4},"end":{"line":50,"column":4}}},"4":{"name":"rewardReferrer","line":52,"loc":{"start":{"line":52,"column":4},"end":{"line":64,"column":4}}},"5":{"name":"registerReferral","line":66,"loc":{"start":{"line":66,"column":4},"end":{"line":74,"column":4}}},"6":{"name":"claimNFT","line":76,"loc":{"start":{"line":76,"column":4},"end":{"line":84,"column":4}}},"7":{"name":"getReferrerOf","line":86,"loc":{"start":{"line":86,"column":4},"end":{"line":88,"column":4}}},"8":{"name":"hasClaimedNFT","line":90,"loc":{"start":{"line":90,"column":4},"end":{"line":92,"column":4}}},"9":{"name":"getReferralCount","line":94,"loc":{"start":{"line":94,"column":4},"end":{"line":96,"column":4}}}},"statementMap":{"1":{"start":{"line":32,"column":8},"end":{"line":32,"column":74}},"2":{"start":{"line":37,"column":8},"end":{"line":37,"column":72}},"3":{"start":{"line":38,"column":8},"end":{"line":38,"column":69}},"4":{"start":{"line":39,"column":8},"end":{"line":39,"column":74}},"5":{"start":{"line":48,"column":8},"end":{"line":48,"column":73}},"6":{"start":{"line":53,"column":8},"end":{"line":53,"column":70}},"7":{"start":{"line":54,"column":8},"end":{"line":54,"column":75}},"8":{"start":{"line":55,"column":8},"end":{"line":55,"column":66}},"9":{"start":{"line":56,"column":8},"end":{"line":56,"column":77}},"10":{"start":{"line":63,"column":8},"end":{"line":63,"column":45}},"11":{"start":{"line":67,"column":8},"end":{"line":67,"column":75}},"12":{"start":{"line":68,"column":8},"end":{"line":68,"column":72}},"13":{"start":{"line":69,"column":8},"end":{"line":69,"column":75}},"14":{"start":{"line":73,"column":8},"end":{"line":73,"column":53}},"15":{"start":{"line":77,"column":8},"end":{"line":77,"column":112}},"16":{"start":{"line":78,"column":8},"end":{"line":78,"column":63}},"17":{"start":{"line":81,"column":8},"end":{"line":81,"column":50}},"18":{"start":{"line":83,"column":8},"end":{"line":83,"column":35}},"19":{"start":{"line":87,"column":8},"end":{"line":87,"column":30}},"20":{"start":{"line":91,"column":8},"end":{"line":91,"column":31}},"21":{"start":{"line":95,"column":8},"end":{"line":95,"column":34}}},"branchMap":{"1":{"line":32,"type":"if","locations":[{"start":{"line":32,"column":8},"end":{"line":32,"column":8}},{"start":{"line":32,"column":8},"end":{"line":32,"column":8}}]},"2":{"line":37,"type":"if","locations":[{"start":{"line":37,"column":8},"end":{"line":37,"column":8}},{"start":{"line":37,"column":8},"end":{"line":37,"column":8}}]},"3":{"line":38,"type":"if","locations":[{"start":{"line":38,"column":8},"end":{"line":38,"column":8}},{"start":{"line":38,"column":8},"end":{"line":38,"column":8}}]},"4":{"line":39,"type":"if","locations":[{"start":{"line":39,"column":8},"end":{"line":39,"column":8}},{"start":{"line":39,"column":8},"end":{"line":39,"column":8}}]},"5":{"line":48,"type":"if","locations":[{"start":{"line":48,"column":8},"end":{"line":48,"column":8}},{"start":{"line":48,"column":8},"end":{"line":48,"column":8}}]},"6":{"line":52,"type":"if","locations":[{"start":{"line":52,"column":69},"end":{"line":52,"column":69}},{"start":{"line":52,"column":69},"end":{"line":52,"column":69}}]},"7":{"line":53,"type":"if","locations":[{"start":{"line":53,"column":8},"end":{"line":53,"column":8}},{"start":{"line":53,"column":8},"end":{"line":53,"column":8}}]},"8":{"line":54,"type":"if","locations":[{"start":{"line":54,"column":8},"end":{"line":54,"column":8}},{"start":{"line":54,"column":8},"end":{"line":54,"column":8}}]},"9":{"line":55,"type":"if","locations":[{"start":{"line":55,"column":8},"end":{"line":55,"column":8}},{"start":{"line":55,"column":8},"end":{"line":55,"column":8}}]},"10":{"line":56,"type":"if","locations":[{"start":{"line":56,"column":8},"end":{"line":56,"column":8}},{"start":{"line":56,"column":8},"end":{"line":56,"column":8}}]},"11":{"line":67,"type":"if","locations":[{"start":{"line":67,"column":8},"end":{"line":67,"column":8}},{"start":{"line":67,"column":8},"end":{"line":67,"column":8}}]},"12":{"line":68,"type":"if","locations":[{"start":{"line":68,"column":8},"end":{"line":68,"column":8}},{"start":{"line":68,"column":8},"end":{"line":68,"column":8}}]},"13":{"line":69,"type":"if","locations":[{"start":{"line":69,"column":8},"end":{"line":69,"column":8}},{"start":{"line":69,"column":8},"end":{"line":69,"column":8}}]},"14":{"line":77,"type":"if","locations":[{"start":{"line":77,"column":8},"end":{"line":77,"column":8}},{"start":{"line":77,"column":8},"end":{"line":77,"column":8}}]},"15":{"line":78,"type":"if","locations":[{"start":{"line":78,"column":8},"end":{"line":78,"column":8}},{"start":{"line":78,"column":8},"end":{"line":78,"column":8}}]}}},
"contracts\\BashoodToken.sol":{"l":{"33":0,"34":0,"39":0,"41":0,"42":0,"43":0,"45":0,"47":0,"48":0,"49":0,"50":0,"53":0,"54":0,"55":0,"56":0,"59":0,"64":0,"65":0,"66":0,"67":0,"72":0,"73":0,"74":0,"79":0,"80":0,"81":0,"82":0,"87":0,"88":0,"92":0,"93":0,"94":0,"99":0,"100":0,"101":0,"105":0,"106":0,"107":0,"112":0,"113":0,"114":0,"118":0,"119":0,"120":0,"125":0,"129":0},"path":"C:\\Users\\Franchu\\Desktop\\bashood-hardhat-tests\\contracts\\BashoodToken.sol","s":{"1":0,"2":0,"3":0,"4":0,"5":0,"6":0,"7":0,"8":0,"9":0,"10":0,"11":0,"12":0,"13":0,"14":0,"15":0,"16":0,"17":0,"18":0,"19":0,"20":0,"21":0,"22":0,"23":0,"24":0,"25":0,"26":0,"27":0,"28":0,"29":0,"30":0,"31":0,"32":0,"33":0,"34":0,"35":0,"36":0},"b":{"1":[0,0],"2":[0,0],"3":[0,0],"4":[0,0],"5":[0,0],"6":[0,0],"7":[0,0],"8":[0,0],"9":[0,0],"10":[0,0],"11":[0,0],"12":[0,0],"13":[0,0],"14":[0,0],"15":[0,0],"16":[0,0],"17":[0,0],"18":[0,0],"19":[0,0],"20":[0,0],"21":[0,0],"22":[0,0],"23":[0,0],"24":[0,0],"25":[0,0],"26":[0,0],"27":[0,0],"28":[0,0],"29":[0,0]},"f":{"1":0,"2":0,"3":0,"4":0,"5":0,"6":0,"7":0,"8":0,"9":0,"10":0,"11":0,"12":0,"13":0},"fnMap":{"1":{"name":"constructor","line":32,"loc":{"start":{"line":32,"column":4},"end":{"line":35,"column":4}}},"2":{"name":"_transfer","line":38,"loc":{"start":{"line":38,"column":4},"end":{"line":60,"column":4}}},"3":{"name":"donate","line":63,"loc":{"start":{"line":63,"column":4},"end":{"line":68,"column":4}}},"4":{"name":"burn","line":71,"loc":{"start":{"line":71,"column":4},"end":{"line":75,"column":4}}},"5":{"name":"periodicBurn","line":78,"loc":{"start":{"line":78,"column":4},"end":{"line":83,"column":4}}},"6":{"name":"sendToTreasury","line":86,"loc":{"start":{"line":86,"column":4},"end":{"line":89,"column":4}}},"7":{"name":"sendToStaking","line":91,"loc":{"start":{"line":91,"column":4},"end":{"line":95,"column":4}}},"8":{"name":"setTreasuryWallet","line":98,"loc":{"start":{"line":98,"column":4},"end":{"line":102,"column":4}}},"9":{"name":"setStakingContract","line":104,"loc":{"start":{"line":104,"column":4},"end":{"line":108,"column":4}}},"10":{"name":"setBurnRate","line":111,"loc":{"start":{"line":111,"column":4},"end":{"line":115,"column":4}}},"11":{"name":"setTreasuryFee","line":117,"loc":{"start":{"line":117,"column":4},"end":{"line":121,"column":4}}},"12":{"name":"pause","line":124,"loc":{"start":{"line":124,"column":4},"end":{"line":126,"column":4}}},"13":{"name":"unpause","line":128,"loc":{"start":{"line":128,"column":4},"end":{"line":130,"column":4}}}},"statementMap":{"1":{"start":{"line":34,"column":8},"end":{"line":34,"column":58}},"2":{"start":{"line":39,"column":8},"end":{"line":39,"column":71}},"3":{"start":{"line":41,"column":8},"end":{"line":41,"column":62}},"4":{"start":{"line":42,"column":8},"end":{"line":42,"column":64}},"5":{"start":{"line":43,"column":8},"end":{"line":43,"column":60}},"6":{"start":{"line":45,"column":8},"end":{"line":45,"column":71}},"7":{"start":{"line":47,"column":8},"end":{"line":47,"column":2068}},"8":{"start":{"line":48,"column":12},"end":{"line":48,"column":42}},"9":{"start":{"line":50,"column":12},"end":{"line":50,"column":49}},"10":{"start":{"line":53,"column":8},"end":{"line":53,"column":2250}},"11":{"start":{"line":54,"column":12},"end":{"line":54,"column":61}},"12":{"start":{"line":56,"column":12},"end":{"line":56,"column":49}},"13":{"start":{"line":59,"column":8},"end":{"line":59,"column":53}},"14":{"start":{"line":64,"column":8},"end":{"line":64,"column":48}},"15":{"start":{"line":65,"column":8},"end":{"line":65,"column":53}},"16":{"start":{"line":67,"column":8},"end":{"line":67,"column":51}},"17":{"start":{"line":72,"column":8},"end":{"line":72,"column":34}},"18":{"start":{"line":74,"column":8},"end":{"line":74,"column":47}},"19":{"start":{"line":79,"column":8},"end":{"line":79,"column":79}},"20":{"start":{"line":80,"column":8},"end":{"line":80,"column":35}},"21":{"start":{"line":82,"column":8},"end":{"line":82,"column":48}},"22":{"start":{"line":87,"column":8},"end":{"line":87,"column":71}},"23":{"start":{"line":88,"column":8},"end":{"line":88,"column":55}},"24":{"start":{"line":92,"column":8},"end":{"line":92,"column":73}},"25":{"start":{"line":93,"column":8},"end":{"line":93,"column":71}},"26":{"start":{"line":94,"column":8},"end":{"line":94,"column":56}},"27":{"start":{"line":99,"column":8},"end":{"line":99,"column":58}},"28":{"start":{"line":100,"column":8},"end":{"line":100,"column":61}},"29":{"start":{"line":105,"column":8},"end":{"line":105,"column":60}},"30":{"start":{"line":106,"column":8},"end":{"line":106,"column":65}},"31":{"start":{"line":112,"column":8},"end":{"line":112,"column":45}},"32":{"start":{"line":113,"column":8},"end":{"line":113,"column":47}},"33":{"start":{"line":118,"column":8},"end":{"line":118,"column":43}},"34":{"start":{"line":119,"column":8},"end":{"line":119,"column":52}},"35":{"start":{"line":125,"column":8},"end":{"line":125,"column":15}},"36":{"start":{"line":129,"column":8},"end":{"line":129,"column":17}}},"branchMap":{"1":{"line":38,"type":"if","locations":[{"start":{"line":38,"column":92},"end":{"line":38,"column":92}},{"start":{"line":38,"column":92},"end":{"line":38,"column":92}}]},"2":{"line":39,"type":"if","locations":[{"start":{"line":39,"column":8},"end":{"line":39,"column":8}},{"start":{"line":39,"column":8},"end":{"line":39,"column":8}}]},"3":{"line":45,"type":"if","locations":[{"start":{"line":45,"column":8},"end":{"line":45,"column":8}},{"start":{"line":45,"column":8},"end":{"line":45,"column":8}}]},"4":{"line":47,"type":"if","locations":[{"start":{"line":47,"column":8},"end":{"line":47,"column":8}},{"start":{"line":47,"column":8},"end":{"line":47,"column":8}}]},"5":{"line":53,"type":"if","locations":[{"start":{"line":53,"column":8},"end":{"line":53,"column":8}},{"start":{"line":53,"column":8},"end":{"line":53,"column":8}}]},"6":{"line":63,"type":"if","locations":[{"start":{"line":63,"column":45},"end":{"line":63,"column":45}},{"start":{"line":63,"column":45},"end":{"line":63,"column":45}}]},"7":{"line":63,"type":"if","locations":[{"start":{"line":63,"column":58},"end":{"line":63,"column":58}},{"start":{"line":63,"column":58},"end":{"line":63,"column":58}}]},"8":{"line":64,"type":"if","locations":[{"start":{"line":64,"column":8},"end":{"line":64,"column":8}},{"start":{"line":64,"column":8},"end":{"line":64,"column":8}}]},"9":{"line":71,"type":"if","locations":[{"start":{"line":71,"column":43},"end":{"line":71,"column":43}},{"start":{"line":71,"column":43},"end":{"line":71,"column":43}}]},"10":{"line":78,"type":"if","locations":[{"start":{"line":78,"column":51},"end":{"line":78,"column":51}},{"start":{"line":78,"column":51},"end":{"line":78,"column":51}}]},"11":{"line":78,"type":"if","locations":[{"start":{"line":78,"column":61},"end":{"line":78,"column":61}},{"start":{"line":78,"column":61},"end":{"line":78,"column":61}}]},"12":{"line":79,"type":"if","locations":[{"start":{"line":79,"column":8},"end":{"line":79,"column":8}},{"start":{"line":79,"column":8},"end":{"line":79,"column":8}}]},"13":{"line":86,"type":"if","locations":[{"start":{"line":86,"column":53},"end":{"line":86,"column":53}},{"start":{"line":86,"column":53},"end":{"line":86,"column":53}}]},"14":{"line":86,"type":"if","locations":[{"start":{"line":86,"column":63},"end":{"line":86,"column":63}},{"start":{"line":86,"column":63},"end":{"line":86,"column":63}}]},"15":{"line":87,"type":"if","locations":[{"start":{"line":87,"column":8},"end":{"line":87,"column":8}},{"start":{"line":87,"column":8},"end":{"line":87,"column":8}}]},"16":{"line":91,"type":"if","locations":[{"start":{"line":91,"column":52},"end":{"line":91,"column":52}},{"start":{"line":91,"column":52},"end":{"line":91,"column":52}}]},"17":{"line":91,"type":"if","locations":[{"start":{"line":91,"column":62},"end":{"line":91,"column":62}},{"start":{"line":91,"column":62},"end":{"line":91,"column":62}}]},"18":{"line":92,"type":"if","locations":[{"start":{"line":92,"column":8},"end":{"line":92,"column":8}},{"start":{"line":92,"column":8},"end":{"line":92,"column":8}}]},"19":{"line":93,"type":"if","locations":[{"start":{"line":93,"column":8},"end":{"line":93,"column":8}},{"start":{"line":93,"column":8},"end":{"line":93,"column":8}}]},"20":{"line":98,"type":"if","locations":[{"start":{"line":98,"column":59},"end":{"line":98,"column":59}},{"start":{"line":98,"column":59},"end":{"line":98,"column":59}}]},"21":{"line":99,"type":"if","locations":[{"start":{"line":99,"column":8},"end":{"line":99,"column":8}},{"start":{"line":99,"column":8},"end":{"line":99,"column":8}}]},"22":{"line":104,"type":"if","locations":[{"start":{"line":104,"column":62},"end":{"line":104,"column":62}},{"start":{"line":104,"column":62},"end":{"line":104,"column":62}}]},"23":{"line":105,"type":"if","locations":[{"start":{"line":105,"column":8},"end":{"line":105,"column":8}},{"start":{"line":105,"column":8},"end":{"line":105,"column":8}}]},"24":{"line":111,"type":"if","locations":[{"start":{"line":111,"column":51},"end":{"line":111,"column":51}},{"start":{"line":111,"column":51},"end":{"line":111,"column":51}}]},"25":{"line":112,"type":"if","locations":[{"start":{"line":112,"column":8},"end":{"line":112,"column":8}},{"start":{"line":112,"column":8},"end":{"line":112,"column":8}}]},"26":{"line":117,"type":"if","locations":[{"start":{"line":117,"column":53},"end":{"line":117,"column":53}},{"start":{"line":117,"column":53},"end":{"line":117,"column":53}}]},"27":{"line":118,"type":"if","locations":[{"start":{"line":118,"column":8},"end":{"line":118,"column":8}},{"start":{"line":118,"column":8},"end":{"line":118,"column":8}}]},"28":{"line":124,"type":"if","locations":[{"start":{"line":124,"column":30},"end":{"line":124,"column":30}},{"start":{"line":124,"column":30},"end":{"line":124,"column":30}}]},"29":{"line":128,"type":"if","locations":[{"start":{"line":128,"column":32},"end":{"line":128,"column":32}},{"start":{"line":128,"column":32},"end":{"line":128,"column":32}}]}}},
"contracts\\BashoodTokenUpgradeable.sol":{"l":{"22":18,"23":18,"24":18,"25":18,"27":18,"28":18,"29":18,"43":20,"45":19,"46":19,"47":19,"50":19,"51":1,"52":1,"53":1,"57":18,"58":1,"59":1,"63":17,"64":1,"65":1,"66":1,"74":1,"75":1,"76":0,"79":1,"82":1,"86":16,"87":15,"88":15,"96":15,"97":15,"98":6,"100":15,"102":15,"103":15,"112":6,"113":6,"116":5,"117":1,"118":1,"119":1,"123":4,"124":1,"125":1,"126":1,"129":3,"130":3,"131":3,"133":3,"134":3,"142":3,"143":3,"144":3,"148":3,"149":2,"150":2,"151":1,"154":2,"162":1,"163":1,"164":1,"169":1,"170":1,"174":1,"175":1},"path":"C:\\Users\\Franchu\\Desktop\\bashood-hardhat-tests\\contracts\\BashoodTokenUpgradeable.sol","s":{"1":18,"2":18,"3":18,"4":18,"5":18,"6":20,"7":19,"8":19,"9":19,"10":19,"11":1,"12":1,"13":1,"14":18,"15":1,"16":1,"17":17,"18":1,"19":1,"20":1,"21":1,"22":1,"23":0,"24":1,"25":1,"26":16,"27":15,"28":15,"29":15,"30":15,"31":6,"32":15,"33":15,"34":15,"35":6,"36":6,"37":5,"38":1,"39":1,"40":1,"41":4,"42":1,"43":1,"44":1,"45":3,"46":3,"47":3,"48":3,"49":3,"50":3,"51":3,"52":3,"53":3,"54":2,"55":2,"56":1,"57":2,"58":1,"59":1,"60":1,"61":1,"62":1},"b":{"1":[18,0],"2":[18,0],"3":[18,0],"4":[19,1],"5":[1,18],"6":[1,0],"7":[1,17],"8":[1,16],"9":[1,0],"10":[1,0],"11":[1,0],"12":[0,1],"13":[0,0],"14":[15,1],"15":[15,0],"16":[15,0],"17":[6,9],"18":[6,0],"19":[6,0],"20":[5,1],"21":[1,4],"22":[1,3],"23":[3,0],"24":[3,0],"25":[3,0],"26":[3,0],"27":[1,1],"28":[1,0],"29":[1,0],"30":[1,0],"31":[1,0],"32":[1,0],"33":[1,0]},"f":{"1":18,"2":20,"3":6,"4":1,"5":1,"6":1,"7":1},"fnMap":{"1":{"name":"initialize","line":21,"loc":{"start":{"line":21,"column":4},"end":{"line":30,"column":4}}},"2":{"name":"transfer","line":37,"loc":{"start":{"line":37,"column":4},"end":{"line":104,"column":4}}},"3":{"name":"transferFrom","line":107,"loc":{"start":{"line":107,"column":4},"end":{"line":155,"column":4}}},"4":{"name":"donate","line":158,"loc":{"start":{"line":158,"column":4},"end":{"line":158,"column":40}}},"5":{"name":"periodicBurn","line":161,"loc":{"start":{"line":161,"column":4},"end":{"line":166,"column":4}}},"6":{"name":"updateTreasuryHandler","line":168,"loc":{"start":{"line":168,"column":4},"end":{"line":171,"column":4}}},"7":{"name":"updateTaxHandler","line":173,"loc":{"start":{"line":173,"column":4},"end":{"line":176,"column":4}}}},"statementMap":{"1":{"start":{"line":22,"column":8},"end":{"line":22,"column":43}},"2":{"start":{"line":23,"column":8},"end":{"line":23,"column":23}},"3":{"start":{"line":24,"column":8},"end":{"line":24,"column":70}},"4":{"start":{"line":25,"column":8},"end":{"line":25,"column":72}},"5":{"start":{"line":29,"column":8},"end":{"line":29,"column":54}},"6":{"start":{"line":43,"column":8},"end":{"line":43,"column":69}},"7":{"start":{"line":45,"column":8},"end":{"line":45,"column":48}},"8":{"start":{"line":46,"column":8},"end":{"line":46,"column":45}},"9":{"start":{"line":47,"column":8},"end":{"line":47,"column":43}},"10":{"start":{"line":50,"column":8},"end":{"line":50,"column":1982}},"11":{"start":{"line":51,"column":12},"end":{"line":51,"column":86}},"12":{"start":{"line":52,"column":12},"end":{"line":52,"column":46}},"13":{"start":{"line":53,"column":12},"end":{"line":53,"column":23}},"14":{"start":{"line":57,"column":8},"end":{"line":57,"column":2257}},"15":{"start":{"line":58,"column":12},"end":{"line":58,"column":41}},"16":{"start":{"line":59,"column":12},"end":{"line":59,"column":23}},"17":{"start":{"line":63,"column":8},"end":{"line":63,"column":2433}},"18":{"start":{"line":64,"column":12},"end":{"line":64,"column":83}},"19":{"start":{"line":65,"column":12},"end":{"line":65,"column":2563}},"20":{"start":{"line":66,"column":16},"end":{"line":66,"column":2600}},"21":{"start":{"line":74,"column":16},"end":{"line":74,"column":57}},"22":{"start":{"line":75,"column":16},"end":{"line":75,"column":2995}},"23":{"start":{"line":76,"column":20},"end":{"line":76,"column":88}},"24":{"start":{"line":79,"column":16},"end":{"line":79,"column":53}},"25":{"start":{"line":82,"column":12},"end":{"line":82,"column":23}},"26":{"start":{"line":86,"column":8},"end":{"line":86,"column":88}},"27":{"start":{"line":87,"column":8},"end":{"line":87,"column":3503}},"28":{"start":{"line":88,"column":12},"end":{"line":88,"column":3536}},"29":{"start":{"line":96,"column":12},"end":{"line":96,"column":53}},"30":{"start":{"line":97,"column":12},"end":{"line":97,"column":3895}},"31":{"start":{"line":98,"column":16},"end":{"line":98,"column":84}},"32":{"start":{"line":100,"column":12},"end":{"line":100,"column":49}},"33":{"start":{"line":102,"column":8},"end":{"line":102,"column":48}},"34":{"start":{"line":103,"column":8},"end":{"line":103,"column":19}},"35":{"start":{"line":112,"column":8},"end":{"line":112,"column":89}},"36":{"start":{"line":113,"column":8},"end":{"line":113,"column":85}},"37":{"start":{"line":116,"column":8},"end":{"line":116,"column":4594}},"38":{"start":{"line":117,"column":12},"end":{"line":117,"column":54}},"39":{"start":{"line":118,"column":12},"end":{"line":118,"column":38}},"40":{"start":{"line":119,"column":12},"end":{"line":119,"column":23}},"41":{"start":{"line":123,"column":8},"end":{"line":123,"column":4793}},"42":{"start":{"line":124,"column":12},"end":{"line":124,"column":49}},"43":{"start":{"line":125,"column":12},"end":{"line":125,"column":33}},"44":{"start":{"line":126,"column":12},"end":{"line":126,"column":23}},"45":{"start":{"line":129,"column":8},"end":{"line":129,"column":48}},"46":{"start":{"line":130,"column":8},"end":{"line":130,"column":48}},"47":{"start":{"line":131,"column":8},"end":{"line":131,"column":43}},"48":{"start":{"line":133,"column":8},"end":{"line":133,"column":5100}},"49":{"start":{"line":134,"column":12},"end":{"line":134,"column":5133}},"50":{"start":{"line":142,"column":12},"end":{"line":142,"column":53}},"51":{"start":{"line":143,"column":12},"end":{"line":143,"column":5484}},"52":{"start":{"line":144,"column":16},"end":{"line":144,"column":84}},"53":{"start":{"line":148,"column":8},"end":{"line":148,"column":50}},"54":{"start":{"line":149,"column":8},"end":{"line":149,"column":37}},"55":{"start":{"line":150,"column":8},"end":{"line":150,"column":5722}},"56":{"start":{"line":151,"column":12},"end":{"line":151,"column":44}},"57":{"start":{"line":154,"column":8},"end":{"line":154,"column":19}},"58":{"start":{"line":162,"column":8},"end":{"line":162,"column":46}},"59":{"start":{"line":163,"column":8},"end":{"line":163,"column":6126}},"60":{"start":{"line":164,"column":12},"end":{"line":164,"column":36}},"61":{"start":{"line":169,"column":8},"end":{"line":169,"column":64}},"62":{"start":{"line":174,"column":8},"end":{"line":174,"column":66}}},"branchMap":{"1":{"line":21,"type":"if","locations":[{"start":{"line":21,"column":78},"end":{"line":21,"column":78}},{"start":{"line":21,"column":78},"end":{"line":21,"column":78}}]},"2":{"line":24,"type":"if","locations":[{"start":{"line":24,"column":8},"end":{"line":24,"column":8}},{"start":{"line":24,"column":8},"end":{"line":24,"column":8}}]},"3":{"line":25,"type":"if","locations":[{"start":{"line":25,"column":8},"end":{"line":25,"column":8}},{"start":{"line":25,"column":8},"end":{"line":25,"column":8}}]},"4":{"line":43,"type":"if","locations":[{"start":{"line":43,"column":8},"end":{"line":43,"column":8}},{"start":{"line":43,"column":8},"end":{"line":43,"column":8}}]},"5":{"line":50,"type":"if","locations":[{"start":{"line":50,"column":8},"end":{"line":50,"column":8}},{"start":{"line":50,"column":8},"end":{"line":50,"column":8}}]},"6":{"line":51,"type":"if","locations":[{"start":{"line":51,"column":12},"end":{"line":51,"column":12}},{"start":{"line":51,"column":12},"end":{"line":51,"column":12}}]},"7":{"line":57,"type":"if","locations":[{"start":{"line":57,"column":8},"end":{"line":57,"column":8}},{"start":{"line":57,"column":8},"end":{"line":57,"column":8}}]},"8":{"line":63,"type":"if","locations":[{"start":{"line":63,"column":8},"end":{"line":63,"column":8}},{"start":{"line":63,"column":8},"end":{"line":63,"column":8}}]},"9":{"line":64,"type":"if","locations":[{"start":{"line":64,"column":12},"end":{"line":64,"column":12}},{"start":{"line":64,"column":12},"end":{"line":64,"column":12}}]},"10":{"line":65,"type":"if","locations":[{"start":{"line":65,"column":12},"end":{"line":65,"column":12}},{"start":{"line":65,"column":12},"end":{"line":65,"column":12}}]},"11":{"line":74,"type":"if","locations":[{"start":{"line":74,"column":16},"end":{"line":74,"column":16}},{"start":{"line":74,"column":16},"end":{"line":74,"column":16}}]},"12":{"line":75,"type":"if","locations":[{"start":{"line":75,"column":16},"end":{"line":75,"column":16}},{"start":{"line":75,"column":16},"end":{"line":75,"column":16}}]},"13":{"line":76,"type":"if","locations":[{"start":{"line":76,"column":20},"end":{"line":76,"column":20}},{"start":{"line":76,"column":20},"end":{"line":76,"column":20}}]},"14":{"line":86,"type":"if","locations":[{"start":{"line":86,"column":8},"end":{"line":86,"column":8}},{"start":{"line":86,"column":8},"end":{"line":86,"column":8}}]},"15":{"line":87,"type":"if","locations":[{"start":{"line":87,"column":8},"end":{"line":87,"column":8}},{"start":{"line":87,"column":8},"end":{"line":87,"column":8}}]},"16":{"line":96,"type":"if","locations":[{"start":{"line":96,"column":12},"end":{"line":96,"column":12}},{"start":{"line":96,"column":12},"end":{"line":96,"column":12}}]},"17":{"line":97,"type":"if","locations":[{"start":{"line":97,"column":12},"end":{"line":97,"column":12}},{"start":{"line":97,"column":12},"end":{"line":97,"column":12}}]},"18":{"line":98,"type":"if","locations":[{"start":{"line":98,"column":16},"end":{"line":98,"column":16}},{"start":{"line":98,"column":16},"end":{"line":98,"column":16}}]},"19":{"line":112,"type":"if","locations":[{"start":{"line":112,"column":8},"end":{"line":112,"column":8}},{"start":{"line":112,"column":8},"end":{"line":112,"column":8}}]},"20":{"line":113,"type":"if","locations":[{"start":{"line":113,"column":8},"end":{"line":113,"column":8}},{"start":{"line":113,"column":8},"end":{"line":113,"column":8}}]},"21":{"line":116,"type":"if","locations":[{"start":{"line":116,"column":8},"end":{"line":116,"column":8}},{"start":{"line":116,"column":8},"end":{"line":116,"column":8}}]},"22":{"line":123,"type":"if","locations":[{"start":{"line":123,"column":8},"end":{"line":123,"column":8}},{"start":{"line":123,"column":8},"end":{"line":123,"column":8}}]},"23":{"line":133,"type":"if","locations":[{"start":{"line":133,"column":8},"end":{"line":133,"column":8}},{"start":{"line":133,"column":8},"end":{"line":133,"column":8}}]},"24":{"line":142,"type":"if","locations":[{"start":{"line":142,"column":12},"end":{"line":142,"column":12}},{"start":{"line":142,"column":12},"end":{"line":142,"column":12}}]},"25":{"line":143,"type":"if","locations":[{"start":{"line":143,"column":12},"end":{"line":143,"column":12}},{"start":{"line":143,"column":12},"end":{"line":143,"column":12}}]},"26":{"line":144,"type":"if","locations":[{"start":{"line":144,"column":16},"end":{"line":144,"column":16}},{"start":{"line":144,"column":16},"end":{"line":144,"column":16}}]},"27":{"line":150,"type":"if","locations":[{"start":{"line":150,"column":8},"end":{"line":150,"column":8}},{"start":{"line":150,"column":8},"end":{"line":150,"column":8}}]},"28":{"line":161,"type":"if","locations":[{"start":{"line":161,"column":37},"end":{"line":161,"column":37}},{"start":{"line":161,"column":37},"end":{"line":161,"column":37}}]},"29":{"line":163,"type":"if","locations":[{"start":{"line":163,"column":8},"end":{"line":163,"column":8}},{"start":{"line":163,"column":8},"end":{"line":163,"column":8}}]},"30":{"line":168,"type":"if","locations":[{"start":{"line":168,"column":64},"end":{"line":168,"column":64}},{"start":{"line":168,"column":64},"end":{"line":168,"column":64}}]},"31":{"line":169,"type":"if","locations":[{"start":{"line":169,"column":8},"end":{"line":169,"column":8}},{"start":{"line":169,"column":8},"end":{"line":169,"column":8}}]},"32":{"line":173,"type":"if","locations":[{"start":{"line":173,"column":59},"end":{"line":173,"column":59}},{"start":{"line":173,"column":59},"end":{"line":173,"column":59}}]},"33":{"line":174,"type":"if","locations":[{"start":{"line":174,"column":8},"end":{"line":174,"column":8}},{"start":{"line":174,"column":8},"end":{"line":174,"column":8}}]}}},
"contracts\\IERC1155Mintable.sol":{"l":{},"path":"C:\\Users\\Franchu\\Desktop\\bashood-hardhat-tests\\contracts\\IERC1155Mintable.sol","s":{},"b":{},"f":{},"fnMap":{},"statementMap":{},"branchMap":{}},
"contracts\\Lock.sol":{"l":{"14":2,"19":1,"20":1,"27":5,"28":4,"30":3,"32":3},"path":"C:\\Users\\Franchu\\Desktop\\bashood-hardhat-tests\\contracts\\Lock.sol","s":{"1":2,"2":5,"3":4,"4":3,"5":3},"b":{"1":[1,1],"2":[4,1],"3":[3,1]},"f":{"1":2,"2":5},"fnMap":{"1":{"name":"constructor","line":13,"loc":{"start":{"line":13,"column":4},"end":{"line":21,"column":4}}},"2":{"name":"withdraw","line":23,"loc":{"start":{"line":23,"column":4},"end":{"line":33,"column":4}}}},"statementMap":{"1":{"start":{"line":14,"column":8},"end":{"line":14,"column":328}},"2":{"start":{"line":27,"column":8},"end":{"line":27,"column":71}},"3":{"start":{"line":28,"column":8},"end":{"line":28,"column":59}},"4":{"start":{"line":30,"column":8},"end":{"line":30,"column":63}},"5":{"start":{"line":32,"column":8},"end":{"line":32,"column":44}}},"branchMap":{"1":{"line":14,"type":"if","locations":[{"start":{"line":14,"column":8},"end":{"line":14,"column":8}},{"start":{"line":14,"column":8},"end":{"line":14,"column":8}}]},"2":{"line":27,"type":"if","locations":[{"start":{"line":27,"column":8},"end":{"line":27,"column":8}},{"start":{"line":27,"column":8},"end":{"line":27,"column":8}}]},"3":{"line":28,"type":"if","locations":[{"start":{"line":28,"column":8},"end":{"line":28,"column":8}},{"start":{"line":28,"column":8},"end":{"line":28,"column":8}}]}}},
"contracts\\MockBashoodToken.sol":{"l":{"10":30},"path":"C:\\Users\\Franchu\\Desktop\\bashood-hardhat-tests\\contracts\\MockBashoodToken.sol","s":{"1":30},"b":{},"f":{"1":43,"2":30},"fnMap":{"1":{"name":"constructor","line":7,"loc":{"start":{"line":7,"column":4},"end":{"line":7,"column":45}}},"2":{"name":"mint","line":9,"loc":{"start":{"line":9,"column":4},"end":{"line":11,"column":4}}}},"statementMap":{"1":{"start":{"line":10,"column":8},"end":{"line":10,"column":24}}},"branchMap":{}},
"contracts\\MockBHT.sol":{"l":{"8":0,"12":0},"path":"C:\\Users\\Franchu\\Desktop\\bashood-hardhat-tests\\contracts\\MockBHT.sol","s":{"1":0,"2":0},"b":{},"f":{"1":0,"2":0},"fnMap":{"1":{"name":"constructor","line":7,"loc":{"start":{"line":7,"column":4},"end":{"line":9,"column":4}}},"2":{"name":"mint","line":11,"loc":{"start":{"line":11,"column":4},"end":{"line":13,"column":4}}}},"statementMap":{"1":{"start":{"line":8,"column":8},"end":{"line":8,"column":54}},"2":{"start":{"line":12,"column":8},"end":{"line":12,"column":24}}},"branchMap":{}},
"contracts\\MockERC20.sol":{"l":{"10":1},"path":"C:\\Users\\Franchu\\Desktop\\bashood-hardhat-tests\\contracts\\MockERC20.sol","s":{"1":1},"b":{},"f":{"1":16,"2":1},"fnMap":{"1":{"name":"constructor","line":7,"loc":{"start":{"line":7,"column":4},"end":{"line":7,"column":47}}},"2":{"name":"mint","line":9,"loc":{"start":{"line":9,"column":4},"end":{"line":11,"column":4}}}},"statementMap":{"1":{"start":{"line":10,"column":8},"end":{"line":10,"column":24}}},"branchMap":{}},
"contracts\\MockNFT1155.sol":{"l":{"11":2,"15":44},"path":"C:\\Users\\Franchu\\Desktop\\bashood-hardhat-tests\\contracts\\MockNFT1155.sol","s":{"1":2,"2":44},"b":{},"f":{"1":61,"2":2,"3":44},"fnMap":{"1":{"name":"constructor","line":7,"loc":{"start":{"line":7,"column":4},"end":{"line":7,"column":31}}},"2":{"name":"mintTo","line":10,"loc":{"start":{"line":10,"column":4},"end":{"line":12,"column":4}}},"3":{"name":"mint","line":14,"loc":{"start":{"line":14,"column":4},"end":{"line":16,"column":4}}}},"statementMap":{"1":{"start":{"line":11,"column":8},"end":{"line":11,"column":32}},"2":{"start":{"line":15,"column":8},"end":{"line":15,"column":34}}},"branchMap":{}},
"contracts\\MockPresale.sol":{"l":{"8":1,"12":2},"path":"C:\\Users\\Franchu\\Desktop\\bashood-hardhat-tests\\contracts\\MockPresale.sol","s":{"1":2},"b":{},"f":{"1":1,"2":2},"fnMap":{"1":{"name":"setBuyer","line":7,"loc":{"start":{"line":7,"column":4},"end":{"line":9,"column":4}}},"2":{"name":"hasPurchased","line":11,"loc":{"start":{"line":11,"column":4},"end":{"line":13,"column":4}}}},"statementMap":{"1":{"start":{"line":12,"column":8},"end":{"line":12,"column":27}}},"branchMap":{}},
"contracts\\MockTreasuryHandler.sol":{"l":{"12":34,"13":34},"path":"C:\\Users\\Franchu\\Desktop\\bashood-hardhat-tests\\contracts\\MockTreasuryHandler.sol","s":{"1":4,"2":34,"3":34},"b":{},"f":{"1":4,"2":7,"3":4,"4":34},"fnMap":{"1":{"name":"initialize","line":8,"loc":{"start":{"line":8,"column":4},"end":{"line":8,"column":58}}},"2":{"name":"updateTreasuryWallet","line":9,"loc":{"start":{"line":9,"column":4},"end":{"line":9,"column":64}}},"3":{"name":"getTreasury","line":10,"loc":{"start":{"line":10,"column":4},"end":{"line":10,"column":83}}},"4":{"name":"handleTreasuryTransfer","line":11,"loc":{"start":{"line":11,"column":4},"end":{"line":14,"column":4}}}},"statementMap":{"1":{"start":{"line":10,"column":61},"end":{"line":10,"column":81}},"2":{"start":{"line":12,"column":8},"end":{"line":12,"column":45}},"3":{"start":{"line":13,"column":8},"end":{"line":13,"column":19}}},"branchMap":{}},
"contracts\\ReferralValidator.sol":{"l":{"13":19,"14":19,"19":2,"23":2,"24":0,"26":2,"30":2,"31":1,"32":1,"57":0,"58":0,"62":0,"63":0,"64":0,"65":0,"66":0,"70":0,"71":0,"72":0,"73":0,"74":0,"76":0,"77":0,"79":0,"84":0,"85":0,"86":0,"87":0,"89":0,"90":0,"94":0},"path":"C:\\Users\\Franchu\\Desktop\\bashood-hardhat-tests\\contracts\\ReferralValidator.sol","s":{"1":2,"2":2,"3":0,"4":2,"5":2,"6":1,"7":0,"8":0,"9":0,"10":0,"11":0,"12":0,"13":0,"14":0,"15":0,"16":0,"17":0,"18":0,"19":0,"20":0,"21":0},"b":{"1":[0,2],"2":[0,0],"3":[1,1],"4":[0,0],"5":[0,0],"6":[0,0],"7":[0,0],"8":[0,0],"9":[0,0],"10":[0,0],"11":[0,0],"12":[0,0],"13":[0,0],"14":[0,0],"15":[0,0],"16":[0,0]},"f":{"1":19,"2":2,"3":2,"4":0,"5":0,"6":0,"7":0,"8":0},"fnMap":{"1":{"name":"constructor","line":12,"loc":{"start":{"line":12,"column":4},"end":{"line":15,"column":4}}},"2":{"name":"isValid","line":17,"loc":{"start":{"line":17,"column":4},"end":{"line":27,"column":4}}},"3":{"name":"updatePresaleContract","line":29,"loc":{"start":{"line":29,"column":4},"end":{"line":33,"column":4}}},"4":{"name":"onlyPresale","line":56,"loc":{"start":{"line":56,"column":4},"end":{"line":59,"column":4}}},"5":{"name":"constructor","line":61,"loc":{"start":{"line":61,"column":4},"end":{"line":67,"column":4}}},"6":{"name":"rewardReferrer","line":69,"loc":{"start":{"line":69,"column":4},"end":{"line":81,"column":4}}},"7":{"name":"registerReferral","line":83,"loc":{"start":{"line":83,"column":4},"end":{"line":91,"column":4}}},"8":{"name":"getReferrerOf","line":93,"loc":{"start":{"line":93,"column":4},"end":{"line":95,"column":4}}}},"statementMap":{"1":{"start":{"line":19,"column":8},"end":{"line":19,"column":584}},"2":{"start":{"line":23,"column":8},"end":{"line":23,"column":774}},"3":{"start":{"line":24,"column":12},"end":{"line":24,"column":24}},"4":{"start":{"line":26,"column":8},"end":{"line":26,"column":39}},"5":{"start":{"line":30,"column":8},"end":{"line":30,"column":53}},"6":{"start":{"line":31,"column":8},"end":{"line":31,"column":67}},"7":{"start":{"line":57,"column":8},"end":{"line":57,"column":74}},"8":{"start":{"line":62,"column":8},"end":{"line":62,"column":72}},"9":{"start":{"line":63,"column":8},"end":{"line":63,"column":69}},"10":{"start":{"line":70,"column":8},"end":{"line":70,"column":70}},"11":{"start":{"line":71,"column":8},"end":{"line":71,"column":75}},"12":{"start":{"line":72,"column":8},"end":{"line":72,"column":66}},"13":{"start":{"line":73,"column":8},"end":{"line":73,"column":51}},"14":{"start":{"line":74,"column":8},"end":{"line":74,"column":65}},"15":{"start":{"line":79,"column":8},"end":{"line":79,"column":45}},"16":{"start":{"line":84,"column":8},"end":{"line":84,"column":74}},"17":{"start":{"line":85,"column":8},"end":{"line":85,"column":75}},"18":{"start":{"line":86,"column":8},"end":{"line":86,"column":70}},"19":{"start":{"line":87,"column":8},"end":{"line":87,"column":81}},"20":{"start":{"line":90,"column":8},"end":{"line":90,"column":51}},"21":{"start":{"line":94,"column":8},"end":{"line":94,"column":30}}},"branchMap":{"1":{"line":23,"type":"if","locations":[{"start":{"line":23,"column":8},"end":{"line":23,"column":8}},{"start":{"line":23,"column":8},"end":{"line":23,"column":8}}]},"2":{"line":23,"type":"cond-expr","locations":[{"start":{"line":23,"column":12},"end":{"line":23,"column":14}},{"start":{"line":23,"column":19},"end":{"line":23,"column":34}}]},"3":{"line":30,"type":"if","locations":[{"start":{"line":30,"column":8},"end":{"line":30,"column":8}},{"start":{"line":30,"column":8},"end":{"line":30,"column":8}}]},"4":{"line":57,"type":"if","locations":[{"start":{"line":57,"column":8},"end":{"line":57,"column":8}},{"start":{"line":57,"column":8},"end":{"line":57,"column":8}}]},"5":{"line":62,"type":"if","locations":[{"start":{"line":62,"column":8},"end":{"line":62,"column":8}},{"start":{"line":62,"column":8},"end":{"line":62,"column":8}}]},"6":{"line":63,"type":"if","locations":[{"start":{"line":63,"column":8},"end":{"line":63,"column":8}},{"start":{"line":63,"column":8},"end":{"line":63,"column":8}}]},"7":{"line":69,"type":"if","locations":[{"start":{"line":69,"column":69},"end":{"line":69,"column":69}},{"start":{"line":69,"column":69},"end":{"line":69,"column":69}}]},"8":{"line":70,"type":"if","locations":[{"start":{"line":70,"column":8},"end":{"line":70,"column":8}},{"start":{"line":70,"column":8},"end":{"line":70,"column":8}}]},"9":{"line":71,"type":"if","locations":[{"start":{"line":71,"column":8},"end":{"line":71,"column":8}},{"start":{"line":71,"column":8},"end":{"line":71,"column":8}}]},"10":{"line":72,"type":"if","locations":[{"start":{"line":72,"column":8},"end":{"line":72,"column":8}},{"start":{"line":72,"column":8},"end":{"line":72,"column":8}}]},"11":{"line":73,"type":"if","locations":[{"start":{"line":73,"column":8},"end":{"line":73,"column":8}},{"start":{"line":73,"column":8},"end":{"line":73,"column":8}}]},"12":{"line":74,"type":"if","locations":[{"start":{"line":74,"column":8},"end":{"line":74,"column":8}},{"start":{"line":74,"column":8},"end":{"line":74,"column":8}}]},"13":{"line":84,"type":"if","locations":[{"start":{"line":84,"column":8},"end":{"line":84,"column":8}},{"start":{"line":84,"column":8},"end":{"line":84,"column":8}}]},"14":{"line":85,"type":"if","locations":[{"start":{"line":85,"column":8},"end":{"line":85,"column":8}},{"start":{"line":85,"column":8},"end":{"line":85,"column":8}}]},"15":{"line":86,"type":"if","locations":[{"start":{"line":86,"column":8},"end":{"line":86,"column":8}},{"start":{"line":86,"column":8},"end":{"line":86,"column":8}}]},"16":{"line":87,"type":"if","locations":[{"start":{"line":87,"column":8},"end":{"line":87,"column":8}},{"start":{"line":87,"column":8},"end":{"line":87,"column":8}}]}}},
"contracts\\TaxHandler.sol":{"l":{"15":33,"16":33,"17":33,"18":33,"19":33,"23":17,"24":15,"25":15,"29":5,"30":2,"31":2,"36":28,"40":27},"path":"C:\\Users\\Franchu\\Desktop\\bashood-hardhat-tests\\contracts\\TaxHandler.sol","s":{"1":33,"2":33,"3":33,"4":17,"5":15,"6":5,"7":2,"8":28,"9":27},"b":{"1":[33,0],"2":[33,0],"3":[33,0],"4":[17,2],"5":[15,2],"6":[5,0],"7":[2,3]},"f":{"1":33,"2":17,"3":5,"4":28,"5":27},"fnMap":{"1":{"name":"initialize","line":14,"loc":{"start":{"line":14,"column":4},"end":{"line":20,"column":4}}},"2":{"name":"updateTaxRate","line":22,"loc":{"start":{"line":22,"column":4},"end":{"line":26,"column":4}}},"3":{"name":"updateTaxReceiver","line":28,"loc":{"start":{"line":28,"column":4},"end":{"line":32,"column":4}}},"4":{"name":"calculateTax","line":35,"loc":{"start":{"line":35,"column":4},"end":{"line":37,"column":4}}},"5":{"name":"getReceiver","line":39,"loc":{"start":{"line":39,"column":4},"end":{"line":41,"column":4}}}},"statementMap":{"1":{"start":{"line":15,"column":8},"end":{"line":15,"column":23}},"2":{"start":{"line":16,"column":8},"end":{"line":16,"column":70}},"3":{"start":{"line":17,"column":8},"end":{"line":17,"column":64}},"4":{"start":{"line":23,"column":8},"end":{"line":23,"column":58}},"5":{"start":{"line":24,"column":8},"end":{"line":24,"column":45}},"6":{"start":{"line":29,"column":8},"end":{"line":29,"column":69}},"7":{"start":{"line":30,"column":8},"end":{"line":30,"column":57}},"8":{"start":{"line":36,"column":8},"end":{"line":36,"column":39}},"9":{"start":{"line":40,"column":8},"end":{"line":40,"column":26}}},"branchMap":{"1":{"line":14,"type":"if","locations":[{"start":{"line":14,"column":71},"end":{"line":14,"column":71}},{"start":{"line":14,"column":71},"end":{"line":14,"column":71}}]},"2":{"line":16,"type":"if","locations":[{"start":{"line":16,"column":8},"end":{"line":16,"column":8}},{"start":{"line":16,"column":8},"end":{"line":16,"column":8}}]},"3":{"line":17,"type":"if","locations":[{"start":{"line":17,"column":8},"end":{"line":17,"column":8}},{"start":{"line":17,"column":8},"end":{"line":17,"column":8}}]},"4":{"line":22,"type":"if","locations":[{"start":{"line":22,"column":53},"end":{"line":22,"column":53}},{"start":{"line":22,"column":53},"end":{"line":22,"column":53}}]},"5":{"line":23,"type":"if","locations":[{"start":{"line":23,"column":8},"end":{"line":23,"column":8}},{"start":{"line":23,"column":8},"end":{"line":23,"column":8}}]},"6":{"line":28,"type":"if","locations":[{"start":{"line":28,"column":61},"end":{"line":28,"column":61}},{"start":{"line":28,"column":61},"end":{"line":28,"column":61}}]},"7":{"line":29,"type":"if","locations":[{"start":{"line":29,"column":8},"end":{"line":29,"column":8}},{"start":{"line":29,"column":8},"end":{"line":29,"column":8}}]}}},
"contracts\\TreasuryHandler.sol":{"l":{"14":5,"15":5,"16":5,"20":0,"21":0,"22":0,"26":0,"30":0,"31":0,"32":0,"34":0,"35":0,"36":0},"path":"C:\\Users\\Franchu\\Desktop\\bashood-hardhat-tests\\contracts\\TreasuryHandler.sol","s":{"1":5,"2":5,"3":0,"4":0,"5":0,"6":0,"7":0,"8":0,"9":0,"10":0,"11":0},"b":{"1":[5,0],"2":[5,0],"3":[0,0],"4":[0,0],"5":[0,0],"6":[0,0],"7":[0,0]},"f":{"1":5,"2":0,"3":0,"4":0},"fnMap":{"1":{"name":"initialize","line":13,"loc":{"start":{"line":13,"column":4},"end":{"line":17,"column":4}}},"2":{"name":"updateTreasuryWallet","line":19,"loc":{"start":{"line":19,"column":4},"end":{"line":23,"column":4}}},"3":{"name":"getTreasury","line":25,"loc":{"start":{"line":25,"column":4},"end":{"line":27,"column":4}}},"4":{"name":"handleTreasuryTransfer","line":29,"loc":{"start":{"line":29,"column":4},"end":{"line":37,"column":4}}}},"statementMap":{"1":{"start":{"line":14,"column":8},"end":{"line":14,"column":23}},"2":{"start":{"line":15,"column":8},"end":{"line":15,"column":72}},"3":{"start":{"line":20,"column":8},"end":{"line":20,"column":66}},"4":{"start":{"line":21,"column":8},"end":{"line":21,"column":62}},"5":{"start":{"line":26,"column":8},"end":{"line":26,"column":29}},"6":{"start":{"line":30,"column":5},"end":{"line":30,"column":62}},"7":{"start":{"line":31,"column":5},"end":{"line":31,"column":58}},"8":{"start":{"line":32,"column":5},"end":{"line":32,"column":48}},"9":{"start":{"line":34,"column":5},"end":{"line":34,"column":32}},"10":{"start":{"line":35,"column":5},"end":{"line":35,"column":42}},"11":{"start":{"line":36,"column":5},"end":{"line":36,"column":16}}},"branchMap":{"1":{"line":13,"type":"if","locations":[{"start":{"line":13,"column":57},"end":{"line":13,"column":57}},{"start":{"line":13,"column":57},"end":{"line":13,"column":57}}]},"2":{"line":15,"type":"if","locations":[{"start":{"line":15,"column":8},"end":{"line":15,"column":8}},{"start":{"line":15,"column":8},"end":{"line":15,"column":8}}]},"3":{"line":19,"type":"if","locations":[{"start":{"line":19,"column":63},"end":{"line":19,"column":63}},{"start":{"line":19,"column":63},"end":{"line":19,"column":63}}]},"4":{"line":20,"type":"if","locations":[{"start":{"line":20,"column":8},"end":{"line":20,"column":8}},{"start":{"line":20,"column":8},"end":{"line":20,"column":8}}]},"5":{"line":30,"type":"if","locations":[{"start":{"line":30,"column":5},"end":{"line":30,"column":5}},{"start":{"line":30,"column":5},"end":{"line":30,"column":5}}]},"6":{"line":31,"type":"if","locations":[{"start":{"line":31,"column":5},"end":{"line":31,"column":5}},{"start":{"line":31,"column":5},"end":{"line":31,"column":5}}]},"7":{"line":32,"type":"if","locations":[{"start":{"line":32,"column":5},"end":{"line":32,"column":5}},{"start":{"line":32,"column":5},"end":{"line":32,"column":5}}]}}}}
