TN:
SF:C:\Users\Franchu\Desktop\bashood-hardhat-tests\contracts\Attacker.sol
FN:5,attack
FNF:1
FNH:1
FNDA:2,attack
DA:6,2
DA:7,2
LF:2
LH:2
BRDA:7,1,0,0
BRDA:7,1,1,2
BRF:2
BRH:1
end_of_record
TN:
SF:C:\Users\Franchu\Desktop\bashood-hardhat-tests\contracts\BadReceiver.sol
FNF:0
FNH:0
LF:0
LH:0
BRF:0
BRH:0
end_of_record
TN:
SF:C:\Users\Franchu\Desktop\bashood-hardhat-tests\contracts\BadReceiver20.sol
FNF:0
FNH:0
LF:0
LH:0
BRF:0
BRH:0
end_of_record
TN:
SF:C:\Users\Franchu\Desktop\bashood-hardhat-tests\contracts\BadReceiver721.sol
FNF:0
FNH:0
LF:0
LH:0
BRF:0
BRH:0
end_of_record
TN:
SF:C:\Users\Franchu\Desktop\bashood-hardhat-tests\contracts\BashoodMultiToken.sol
FN:28,constructor
FN:34,grantMinterRole
FN:38,revokeMinterRole
FN:47,mintBatch
FN:52,mint
FN:57,supportsInterface
FN:61,approveMarketplace
FN:66,buyTokens
FN:77,mintAllNFTs
FN:87,withdrawFunds
FNF:10
FNH:3
FNDA:15,constructor
FNDA:0,grantMinterRole
FNDA:0,revokeMinterRole
FNDA:0,mintBatch
FNDA:6,mint
FNDA:2,supportsInterface
FNDA:0,approveMarketplace
FNDA:0,buyTokens
FNDA:0,mintAllNFTs
FNDA:0,withdrawFunds
DA:29,15
DA:30,15
DA:31,15
DA:35,0
DA:39,0
DA:48,0
DA:49,0
DA:53,6
DA:54,5
DA:58,2
DA:62,0
DA:63,0
DA:67,0
DA:69,0
DA:70,0
DA:71,0
DA:73,0
DA:74,0
DA:78,0
DA:80,0
DA:81,0
DA:82,0
DA:83,0
DA:88,0
DA:89,0
DA:91,0
DA:92,0
LF:27
LH:6
BRDA:34,1,0,0
BRDA:34,1,1,0
BRDA:38,2,0,0
BRDA:38,2,1,0
BRDA:47,3,0,0
BRDA:47,3,1,0
BRDA:48,4,0,0
BRDA:48,4,1,0
BRDA:52,5,0,6
BRDA:52,5,1,2
BRDA:53,6,0,5
BRDA:53,6,1,1
BRDA:66,7,0,0
BRDA:66,7,1,0
BRDA:67,8,0,0
BRDA:67,8,1,0
BRDA:77,9,0,0
BRDA:77,9,1,0
BRDA:78,10,0,0
BRDA:78,10,1,0
BRDA:87,11,0,0
BRDA:87,11,1,0
BRDA:89,12,0,0
BRDA:89,12,1,0
BRF:24
BRH:4
end_of_record
TN:
SF:C:\Users\Franchu\Desktop\bashood-hardhat-tests\contracts\BashoodNFT.sol
FN:15,constructor
FN:17,onlyMinter
FN:22,authorizeMinter
FN:27,revokeMinter
FN:32,mintNFT
FN:38,tokenURI
FN:48,_toString
FNF:7
FNH:5
FNDA:19,constructor
FNDA:14,onlyMinter
FNDA:0,authorizeMinter
FNDA:0,revokeMinter
FNDA:13,mintNFT
FNDA:4,tokenURI
FNDA:1,_toString
DA:18,14
DA:19,13
DA:23,0
DA:24,0
DA:28,0
DA:29,0
DA:33,13
DA:34,13
DA:35,12
DA:39,4
DA:41,3
DA:42,2
DA:45,1
DA:49,1
DA:50,1
DA:51,1
DA:52,1
DA:53,1
DA:54,1
DA:56,1
DA:57,1
DA:58,1
DA:59,1
DA:60,1
DA:62,1
LF:25
LH:21
BRDA:18,1,0,13
BRDA:18,1,1,1
BRDA:18,2,0,0
BRDA:18,2,1,13
BRDA:22,3,0,0
BRDA:22,3,1,0
BRDA:27,4,0,0
BRDA:27,4,1,0
BRDA:32,5,0,13
BRDA:32,5,1,1
BRDA:39,6,0,3
BRDA:39,6,1,1
BRDA:41,7,0,2
BRDA:41,7,1,1
BRDA:49,8,0,0
BRDA:49,8,1,1
BRF:16
BRH:10
end_of_record
TN:
SF:C:\Users\Franchu\Desktop\bashood-hardhat-tests\contracts\BashoodPresaleFinal_IERC1155Receiver.sol
FN:17,onERC1155Received
FN:27,onERC1155BatchReceived
FN:37,supportsInterface
FNF:3
FNH:3
FNDA:1,onERC1155Received
FNDA:1,onERC1155BatchReceived
FNDA:1,supportsInterface
DA:24,1
DA:34,1
DA:38,1
LF:3
LH:3
BRDA:38,1,0,1
BRDA:38,1,1,0
BRF:2
BRH:1
end_of_record
TN:
SF:C:\Users\Franchu\Desktop\bashood-hardhat-tests\contracts\BashoodPresaleFinal.sol
FN:54,onlyWhilePresaleActive
FN:59,whitelistCheck
FN:66,constructor
FN:97,assignRoles
FN:104,setSigner
FN:109,setWhitelistEnabled
FN:113,setMaxPerUser
FN:118,startPresale
FN:124,setReferral
FN:134,purchaseWithETH
FN:173,purchaseWithBHT
FN:209,_verifySignature
FN:220,endPresale
FN:225,finalizePresale
FN:231,rescueUnsoldNFTs
FN:238,rescueERC20
FN:247,emergencyWithdrawETH
FN:253,onERC1155Received
FN:263,onERC1155BatchReceived
FN:273,supportsInterface
FNF:20
FNH:10
FNDA:24,onlyWhilePresaleActive
FNDA:0,whitelistCheck
FNDA:43,constructor
FNDA:0,assignRoles
FNDA:42,setSigner
FNDA:2,setWhitelistEnabled
FNDA:0,setMaxPerUser
FNDA:42,startPresale
FNDA:42,setReferral
FNDA:0,purchaseWithETH
FNDA:0,purchaseWithBHT
FNDA:0,_verifySignature
FNDA:2,endPresale
FNDA:0,finalizePresale
FNDA:2,rescueUnsoldNFTs
FNDA:0,rescueERC20
FNDA:2,emergencyWithdrawETH
FNDA:42,onERC1155Received
FNDA:0,onERC1155BatchReceived
FNDA:0,supportsInterface
DA:55,24
DA:56,0
DA:60,0
DA:61,0
DA:63,0
DA:77,43
DA:78,42
DA:79,42
DA:80,42
DA:81,42
DA:83,42
DA:84,42
DA:85,42
DA:86,42
DA:87,42
DA:88,42
DA:89,42
DA:90,42
DA:91,42
DA:93,42
DA:94,42
DA:98,0
DA:99,0
DA:100,0
DA:101,0
DA:105,42
DA:106,42
DA:110,2
DA:114,0
DA:115,0
DA:119,42
DA:120,42
DA:121,42
DA:125,42
DA:126,42
DA:135,0
DA:136,0
DA:137,0
DA:138,0
DA:139,0
DA:140,0
DA:141,0
DA:142,0
DA:143,0
DA:144,0
DA:145,0
DA:147,0
DA:148,0
DA:150,0
DA:152,0
DA:153,0
DA:155,0
DA:156,0
DA:157,0
DA:160,0
DA:161,0
DA:162,0
DA:165,0
DA:174,0
DA:175,0
DA:176,0
DA:177,0
DA:178,0
DA:179,0
DA:180,0
DA:181,0
DA:182,0
DA:183,0
DA:184,0
DA:185,0
DA:186,0
DA:187,0
DA:188,0
DA:190,0
DA:191,0
DA:193,0
DA:194,0
DA:196,0
DA:197,0
DA:198,0
DA:201,0
DA:202,0
DA:203,0
DA:206,0
DA:214,0
DA:215,0
DA:216,0
DA:217,0
DA:221,2
DA:222,2
DA:226,0
DA:227,0
DA:228,0
DA:232,2
DA:233,2
DA:234,2
DA:235,2
DA:239,0
DA:240,0
DA:241,0
DA:242,0
DA:243,0
DA:244,0
DA:248,2
DA:249,2
DA:260,42
DA:270,0
DA:274,0
LF:108
LH:34
BRDA:55,1,0,0
BRDA:55,1,1,24
BRDA:60,2,0,0
BRDA:60,2,1,0
BRDA:61,3,0,0
BRDA:61,3,1,0
BRDA:77,4,0,42
BRDA:77,4,1,1
BRDA:97,5,0,0
BRDA:97,5,1,0
BRDA:98,6,0,0
BRDA:98,6,1,0
BRDA:104,7,0,42
BRDA:104,7,1,0
BRDA:105,8,0,42
BRDA:105,8,1,0
BRDA:109,9,0,2
BRDA:109,9,1,0
BRDA:113,10,0,0
BRDA:113,10,1,0
BRDA:114,11,0,0
BRDA:114,11,1,0
BRDA:118,12,0,42
BRDA:118,12,1,0
BRDA:119,13,0,42
BRDA:119,13,1,0
BRDA:120,14,0,42
BRDA:120,14,1,0
BRDA:124,15,0,42
BRDA:124,15,1,0
BRDA:125,16,0,42
BRDA:125,16,1,0
BRDA:134,17,0,9
BRDA:134,17,1,0
BRDA:134,18,0,0
BRDA:134,18,1,9
BRDA:134,19,0,0
BRDA:134,19,1,0
BRDA:135,20,0,0
BRDA:135,20,1,0
BRDA:136,21,0,0
BRDA:136,21,1,0
BRDA:137,22,0,0
BRDA:137,22,1,0
BRDA:139,23,0,0
BRDA:139,23,1,0
BRDA:141,24,0,0
BRDA:141,24,1,0
BRDA:142,25,0,0
BRDA:142,25,1,0
BRDA:143,26,0,0
BRDA:143,26,1,0
BRDA:144,27,0,0
BRDA:144,27,1,0
BRDA:145,28,0,0
BRDA:145,28,1,0
BRDA:148,29,0,0
BRDA:148,29,1,0
BRDA:155,30,0,0
BRDA:155,30,1,0
BRDA:161,31,0,0
BRDA:161,31,1,0
BRDA:173,32,0,15
BRDA:173,32,1,0
BRDA:173,33,0,0
BRDA:173,33,1,15
BRDA:173,34,0,0
BRDA:173,34,1,0
BRDA:174,35,0,0
BRDA:174,35,1,0
BRDA:175,36,0,0
BRDA:175,36,1,0
BRDA:176,37,0,0
BRDA:176,37,1,0
BRDA:177,38,0,0
BRDA:177,38,1,0
BRDA:178,39,0,0
BRDA:178,39,1,0
BRDA:179,40,0,0
BRDA:179,40,1,0
BRDA:181,41,0,0
BRDA:181,41,1,0
BRDA:183,42,0,0
BRDA:183,42,1,0
BRDA:184,43,0,0
BRDA:184,43,1,0
BRDA:185,44,0,0
BRDA:185,44,1,0
BRDA:186,45,0,0
BRDA:186,45,1,0
BRDA:188,46,0,0
BRDA:188,46,1,0
BRDA:196,47,0,0
BRDA:196,47,1,0
BRDA:202,48,0,0
BRDA:202,48,1,0
BRDA:214,49,0,0
BRDA:214,49,1,0
BRDA:220,50,0,2
BRDA:220,50,1,0
BRDA:225,51,0,0
BRDA:225,51,1,0
BRDA:231,52,0,2
BRDA:231,52,1,2
BRDA:232,53,0,2
BRDA:232,53,1,0
BRDA:233,54,0,2
BRDA:233,54,1,0
BRDA:238,55,0,0
BRDA:238,55,1,0
BRDA:239,56,0,0
BRDA:239,56,1,0
BRDA:240,57,0,0
BRDA:240,57,1,0
BRDA:242,58,0,0
BRDA:242,58,1,0
BRDA:247,59,0,2
BRDA:247,59,1,2
BRDA:249,60,0,2
BRDA:249,60,1,0
BRDA:274,61,0,0
BRDA:274,61,1,0
BRF:122
BRH:23
end_of_record
TN:
SF:C:\Users\Franchu\Desktop\bashood-hardhat-tests\contracts\BashoodReferral.sol
FN:31,onlyPresale
FN:36,constructor
FN:47,setPresaleContract
FN:52,rewardReferrer
FN:66,registerReferral
FN:76,claimNFT
FN:86,getReferrerOf
FN:90,hasClaimedNFT
FN:94,getReferralCount
FNF:9
FNH:6
FNDA:6,onlyPresale
FNDA:58,constructor
FNDA:0,setPresaleContract
FNDA:6,rewardReferrer
FNDA:10,registerReferral
FNDA:2,claimNFT
FNDA:1,getReferrerOf
FNDA:0,hasClaimedNFT
FNDA:0,getReferralCount
DA:32,6
DA:33,6
DA:37,58
DA:38,57
DA:39,57
DA:41,57
DA:42,57
DA:43,57
DA:44,57
DA:48,0
DA:49,0
DA:53,6
DA:54,6
DA:55,6
DA:56,6
DA:59,6
DA:60,6
DA:61,6
DA:63,6
DA:67,10
DA:68,9
DA:69,8
DA:71,6
DA:72,6
DA:73,6
DA:77,2
DA:78,0
DA:80,0
DA:81,0
DA:83,0
DA:87,1
DA:91,0
DA:95,0
LF:33
LH:25
BRDA:32,1,0,6
BRDA:32,1,1,0
BRDA:37,2,0,57
BRDA:37,2,1,1
BRDA:38,3,0,57
BRDA:38,3,1,0
BRDA:39,4,0,57
BRDA:39,4,1,0
BRDA:48,5,0,0
BRDA:48,5,1,0
BRDA:52,6,0,6
BRDA:52,6,1,0
BRDA:53,7,0,6
BRDA:53,7,1,0
BRDA:54,8,0,6
BRDA:54,8,1,0
BRDA:55,9,0,6
BRDA:55,9,1,0
BRDA:56,10,0,6
BRDA:56,10,1,0
BRDA:67,11,0,9
BRDA:67,11,1,1
BRDA:68,12,0,8
BRDA:68,12,1,1
BRDA:69,13,0,6
BRDA:69,13,1,2
BRDA:77,14,0,0
BRDA:77,14,1,2
BRDA:78,15,0,0
BRDA:78,15,1,0
BRF:30
BRH:17
end_of_record
TN:
SF:C:\Users\Franchu\Desktop\bashood-hardhat-tests\contracts\BashoodToken.sol
FN:32,constructor
FN:38,_transfer
FN:63,donate
FN:71,burn
FN:78,periodicBurn
FN:86,sendToTreasury
FN:91,sendToStaking
FN:98,setTreasuryWallet
FN:104,setStakingContract
FN:111,setBurnRate
FN:117,setTreasuryFee
FN:124,pause
FN:128,unpause
FNF:13
FNH:0
FNDA:0,constructor
FNDA:0,_transfer
FNDA:0,donate
FNDA:0,burn
FNDA:0,periodicBurn
FNDA:0,sendToTreasury
FNDA:0,sendToStaking
FNDA:0,setTreasuryWallet
FNDA:0,setStakingContract
FNDA:0,setBurnRate
FNDA:0,setTreasuryFee
FNDA:0,pause
FNDA:0,unpause
DA:33,0
DA:34,0
DA:39,0
DA:41,0
DA:42,0
DA:43,0
DA:45,0
DA:47,0
DA:48,0
DA:49,0
DA:50,0
DA:53,0
DA:54,0
DA:55,0
DA:56,0
DA:59,0
DA:64,0
DA:65,0
DA:66,0
DA:67,0
DA:72,0
DA:73,0
DA:74,0
DA:79,0
DA:80,0
DA:81,0
DA:82,0
DA:87,0
DA:88,0
DA:92,0
DA:93,0
DA:94,0
DA:99,0
DA:100,0
DA:101,0
DA:105,0
DA:106,0
DA:107,0
DA:112,0
DA:113,0
DA:114,0
DA:118,0
DA:119,0
DA:120,0
DA:125,0
DA:129,0
LF:46
LH:0
BRDA:38,1,0,0
BRDA:38,1,1,0
BRDA:39,2,0,0
BRDA:39,2,1,0
BRDA:45,3,0,0
BRDA:45,3,1,0
BRDA:47,4,0,0
BRDA:47,4,1,0
BRDA:53,5,0,0
BRDA:53,5,1,0
BRDA:63,6,0,0
BRDA:63,6,1,0
BRDA:63,7,0,0
BRDA:63,7,1,0
BRDA:64,8,0,0
BRDA:64,8,1,0
BRDA:71,9,0,0
BRDA:71,9,1,0
BRDA:78,10,0,0
BRDA:78,10,1,0
BRDA:78,11,0,0
BRDA:78,11,1,0
BRDA:79,12,0,0
BRDA:79,12,1,0
BRDA:86,13,0,0
BRDA:86,13,1,0
BRDA:86,14,0,0
BRDA:86,14,1,0
BRDA:87,15,0,0
BRDA:87,15,1,0
BRDA:91,16,0,0
BRDA:91,16,1,0
BRDA:91,17,0,0
BRDA:91,17,1,0
BRDA:92,18,0,0
BRDA:92,18,1,0
BRDA:93,19,0,0
BRDA:93,19,1,0
BRDA:98,20,0,0
BRDA:98,20,1,0
BRDA:99,21,0,0
BRDA:99,21,1,0
BRDA:104,22,0,0
BRDA:104,22,1,0
BRDA:105,23,0,0
BRDA:105,23,1,0
BRDA:111,24,0,0
BRDA:111,24,1,0
BRDA:112,25,0,0
BRDA:112,25,1,0
BRDA:117,26,0,0
BRDA:117,26,1,0
BRDA:118,27,0,0
BRDA:118,27,1,0
BRDA:124,28,0,0
BRDA:124,28,1,0
BRDA:128,29,0,0
BRDA:128,29,1,0
BRF:58
BRH:0
end_of_record
TN:
SF:C:\Users\Franchu\Desktop\bashood-hardhat-tests\contracts\BashoodTokenUpgradeable.sol
FN:21,initialize
FN:37,transfer
FN:107,transferFrom
FN:158,donate
FN:161,periodicBurn
FN:168,updateTreasuryHandler
FN:173,updateTaxHandler
FNF:7
FNH:7
FNDA:18,initialize
FNDA:20,transfer
FNDA:6,transferFrom
FNDA:1,donate
FNDA:1,periodicBurn
FNDA:1,updateTreasuryHandler
FNDA:1,updateTaxHandler
DA:22,18
DA:23,18
DA:24,18
DA:25,18
DA:27,18
DA:28,18
DA:29,18
DA:43,20
DA:45,19
DA:46,19
DA:47,19
DA:50,19
DA:51,1
DA:52,1
DA:53,1
DA:57,18
DA:58,1
DA:59,1
DA:63,17
DA:64,1
DA:65,1
DA:66,1
DA:74,1
DA:75,1
DA:76,0
DA:79,1
DA:82,1
DA:86,16
DA:87,15
DA:88,15
DA:96,15
DA:97,15
DA:98,6
DA:100,15
DA:102,15
DA:103,15
DA:112,6
DA:113,6
DA:116,5
DA:117,1
DA:118,1
DA:119,1
DA:123,4
DA:124,1
DA:125,1
DA:126,1
DA:129,3
DA:130,3
DA:131,3
DA:133,3
DA:134,3
DA:142,3
DA:143,3
DA:144,3
DA:148,3
DA:149,2
DA:150,2
DA:151,1
DA:154,2
DA:162,1
DA:163,1
DA:164,1
DA:169,1
DA:170,1
DA:174,1
DA:175,1
LF:66
LH:65
BRDA:21,1,0,18
BRDA:21,1,1,0
BRDA:24,2,0,18
BRDA:24,2,1,0
BRDA:25,3,0,18
BRDA:25,3,1,0
BRDA:43,4,0,19
BRDA:43,4,1,1
BRDA:50,5,0,1
BRDA:50,5,1,18
BRDA:51,6,0,1
BRDA:51,6,1,0
BRDA:57,7,0,1
BRDA:57,7,1,17
BRDA:63,8,0,1
BRDA:63,8,1,16
BRDA:64,9,0,1
BRDA:64,9,1,0
BRDA:65,10,0,1
BRDA:65,10,1,0
BRDA:74,11,0,1
BRDA:74,11,1,0
BRDA:75,12,0,0
BRDA:75,12,1,1
BRDA:76,13,0,0
BRDA:76,13,1,0
BRDA:86,14,0,15
BRDA:86,14,1,1
BRDA:87,15,0,15
BRDA:87,15,1,0
BRDA:96,16,0,15
BRDA:96,16,1,0
BRDA:97,17,0,6
BRDA:97,17,1,9
BRDA:98,18,0,6
BRDA:98,18,1,0
BRDA:112,19,0,6
BRDA:112,19,1,0
BRDA:113,20,0,5
BRDA:113,20,1,1
BRDA:116,21,0,1
BRDA:116,21,1,4
BRDA:123,22,0,1
BRDA:123,22,1,3
BRDA:133,23,0,3
BRDA:133,23,1,0
BRDA:142,24,0,3
BRDA:142,24,1,0
BRDA:143,25,0,3
BRDA:143,25,1,0
BRDA:144,26,0,3
BRDA:144,26,1,0
BRDA:150,27,0,1
BRDA:150,27,1,1
BRDA:161,28,0,1
BRDA:161,28,1,0
BRDA:163,29,0,1
BRDA:163,29,1,0
BRDA:168,30,0,1
BRDA:168,30,1,0
BRDA:169,31,0,1
BRDA:169,31,1,0
BRDA:173,32,0,1
BRDA:173,32,1,0
BRDA:174,33,0,1
BRDA:174,33,1,0
BRF:66
BRH:42
end_of_record
TN:
SF:C:\Users\Franchu\Desktop\bashood-hardhat-tests\contracts\IERC1155Mintable.sol
FNF:0
FNH:0
LF:0
LH:0
BRF:0
BRH:0
end_of_record
TN:
SF:C:\Users\Franchu\Desktop\bashood-hardhat-tests\contracts\Lock.sol
FN:13,constructor
FN:23,withdraw
FNF:2
FNH:2
FNDA:2,constructor
FNDA:5,withdraw
DA:14,2
DA:19,1
DA:20,1
DA:27,5
DA:28,4
DA:30,3
DA:32,3
LF:7
LH:7
BRDA:14,1,0,1
BRDA:14,1,1,1
BRDA:27,2,0,4
BRDA:27,2,1,1
BRDA:28,3,0,3
BRDA:28,3,1,1
BRF:6
BRH:6
end_of_record
TN:
SF:C:\Users\Franchu\Desktop\bashood-hardhat-tests\contracts\MockBashoodToken.sol
FN:7,constructor
FN:9,mint
FNF:2
FNH:2
FNDA:43,constructor
FNDA:30,mint
DA:10,30
LF:1
LH:1
BRF:0
BRH:0
end_of_record
TN:
SF:C:\Users\Franchu\Desktop\bashood-hardhat-tests\contracts\MockBHT.sol
FN:7,constructor
FN:11,mint
FNF:2
FNH:0
FNDA:0,constructor
FNDA:0,mint
DA:8,0
DA:12,0
LF:2
LH:0
BRF:0
BRH:0
end_of_record
TN:
SF:C:\Users\Franchu\Desktop\bashood-hardhat-tests\contracts\MockERC20.sol
FN:7,constructor
FN:9,mint
FNF:2
FNH:2
FNDA:16,constructor
FNDA:1,mint
DA:10,1
LF:1
LH:1
BRF:0
BRH:0
end_of_record
TN:
SF:C:\Users\Franchu\Desktop\bashood-hardhat-tests\contracts\MockNFT1155.sol
FN:7,constructor
FN:10,mintTo
FN:14,mint
FNF:3
FNH:3
FNDA:61,constructor
FNDA:2,mintTo
FNDA:44,mint
DA:11,2
DA:15,44
LF:2
LH:2
BRF:0
BRH:0
end_of_record
TN:
SF:C:\Users\Franchu\Desktop\bashood-hardhat-tests\contracts\MockPresale.sol
FN:7,setBuyer
FN:11,hasPurchased
FNF:2
FNH:2
FNDA:1,setBuyer
FNDA:2,hasPurchased
DA:8,1
DA:12,2
LF:2
LH:2
BRF:0
BRH:0
end_of_record
TN:
SF:C:\Users\Franchu\Desktop\bashood-hardhat-tests\contracts\MockTreasuryHandler.sol
FN:8,initialize
FN:9,updateTreasuryWallet
FN:10,getTreasury
FN:11,handleTreasuryTransfer
FNF:4
FNH:4
FNDA:4,initialize
FNDA:7,updateTreasuryWallet
FNDA:4,getTreasury
FNDA:34,handleTreasuryTransfer
DA:12,34
DA:13,34
LF:2
LH:2
BRF:0
BRH:0
end_of_record
TN:
SF:C:\Users\Franchu\Desktop\bashood-hardhat-tests\contracts\ReferralValidator.sol
FN:12,constructor
FN:17,isValid
FN:29,updatePresaleContract
FN:56,onlyPresale
FN:61,constructor
FN:69,rewardReferrer
FN:83,registerReferral
FN:93,getReferrerOf
FNF:8
FNH:3
FNDA:19,constructor
FNDA:2,isValid
FNDA:2,updatePresaleContract
FNDA:0,onlyPresale
FNDA:0,constructor
FNDA:0,rewardReferrer
FNDA:0,registerReferral
FNDA:0,getReferrerOf
DA:13,19
DA:14,19
DA:19,2
DA:23,2
DA:24,0
DA:26,2
DA:30,2
DA:31,1
DA:32,1
DA:57,0
DA:58,0
DA:62,0
DA:63,0
DA:64,0
DA:65,0
DA:66,0
DA:70,0
DA:71,0
DA:72,0
DA:73,0
DA:74,0
DA:76,0
DA:77,0
DA:79,0
DA:84,0
DA:85,0
DA:86,0
DA:87,0
DA:89,0
DA:90,0
DA:94,0
LF:31
LH:8
BRDA:23,1,0,0
BRDA:23,1,1,2
BRDA:23,2,0,0
BRDA:23,2,1,0
BRDA:30,3,0,1
BRDA:30,3,1,1
BRDA:57,4,0,0
BRDA:57,4,1,0
BRDA:62,5,0,0
BRDA:62,5,1,0
BRDA:63,6,0,0
BRDA:63,6,1,0
BRDA:69,7,0,0
BRDA:69,7,1,0
BRDA:70,8,0,0
BRDA:70,8,1,0
BRDA:71,9,0,0
BRDA:71,9,1,0
BRDA:72,10,0,0
BRDA:72,10,1,0
BRDA:73,11,0,0
BRDA:73,11,1,0
BRDA:74,12,0,0
BRDA:74,12,1,0
BRDA:84,13,0,0
BRDA:84,13,1,0
BRDA:85,14,0,0
BRDA:85,14,1,0
BRDA:86,15,0,0
BRDA:86,15,1,0
BRDA:87,16,0,0
BRDA:87,16,1,0
BRF:32
BRH:3
end_of_record
TN:
SF:C:\Users\Franchu\Desktop\bashood-hardhat-tests\contracts\TaxHandler.sol
FN:14,initialize
FN:22,updateTaxRate
FN:28,updateTaxReceiver
FN:35,calculateTax
FN:39,getReceiver
FNF:5
FNH:5
FNDA:33,initialize
FNDA:17,updateTaxRate
FNDA:5,updateTaxReceiver
FNDA:28,calculateTax
FNDA:27,getReceiver
DA:15,33
DA:16,33
DA:17,33
DA:18,33
DA:19,33
DA:23,17
DA:24,15
DA:25,15
DA:29,5
DA:30,2
DA:31,2
DA:36,28
DA:40,27
LF:13
LH:13
BRDA:14,1,0,33
BRDA:14,1,1,0
BRDA:16,2,0,33
BRDA:16,2,1,0
BRDA:17,3,0,33
BRDA:17,3,1,0
BRDA:22,4,0,17
BRDA:22,4,1,2
BRDA:23,5,0,15
BRDA:23,5,1,2
BRDA:28,6,0,5
BRDA:28,6,1,0
BRDA:29,7,0,2
BRDA:29,7,1,3
BRF:14
BRH:10
end_of_record
TN:
SF:C:\Users\Franchu\Desktop\bashood-hardhat-tests\contracts\TreasuryHandler.sol
FN:13,initialize
FN:19,updateTreasuryWallet
FN:25,getTreasury
FN:29,handleTreasuryTransfer
FNF:4
FNH:1
FNDA:5,initialize
FNDA:0,updateTreasuryWallet
FNDA:0,getTreasury
FNDA:0,handleTreasuryTransfer
DA:14,5
DA:15,5
DA:16,5
DA:20,0
DA:21,0
DA:22,0
DA:26,0
DA:30,0
DA:31,0
DA:32,0
DA:34,0
DA:35,0
DA:36,0
LF:13
LH:3
BRDA:13,1,0,5
BRDA:13,1,1,0
BRDA:15,2,0,5
BRDA:15,2,1,0
BRDA:19,3,0,0
BRDA:19,3,1,0
BRDA:20,4,0,0
BRDA:20,4,1,0
BRDA:30,5,0,0
BRDA:30,5,1,0
BRDA:31,6,0,0
BRDA:31,6,1,0
BRDA:32,7,0,0
BRDA:32,7,1,0
BRF:14
BRH:2
end_of_record
